04-Oct-22 01:35:20 
 O tempo de fitness é:20.43950128555298
04-Oct-22 01:48:15 
 Parameters of the pesos 
 [ 0.64847093  0.50845655  0.3961056  -0.84989587 -0.06258246  0.26298401
 -0.51272943 -0.03249601 -0.57664378 -0.00651321 -0.38228907  0.14458062
 -0.03847869  0.65591074  0.2934924  -0.18531123 -0.00258006  0.74427923
 -0.47104946  0.71485579  0.10253296]
04-Oct-22 02:00:27 
 Fitness of the generation solution 1: 0.9586315488119095
04-Oct-22 02:06:28 
 O tempo de fitness é:28.662508964538574
04-Oct-22 02:19:15 
 Parameters of the pesos 
 [-0.60963008  0.28805699 -0.7393155   1.20993101 -0.16117726 -0.73829944
 -0.83845635 -0.27913095 -0.51771478  0.87964499  0.21522989 -1.41843467
  1.59157369 -0.51225873 -1.37856668  0.4335616   0.527292   -0.78298878
 -0.98846233  0.14628538 -0.64723654]
04-Oct-22 02:32:12 
 Fitness of the generation solution 2: 0.9593472659604925
04-Oct-22 02:38:35 
 O tempo de fitness é:35.32091188430786
04-Oct-22 02:51:26 
 Parameters of the pesos 
 [-0.60963008  0.28805699 -0.7393155   1.20993101 -0.16117726 -0.73829944
 -0.83845635 -0.27913095 -0.51771478  0.87964499  0.21522989 -1.41843467
  1.59157369 -0.51225873 -1.37856668  0.4335616   0.527292   -0.78298878
 -0.98846233  0.14628538 -0.64723654]
04-Oct-22 03:04:15 
 Fitness of the generation solution 3: 0.9593472659604925
04-Oct-22 03:10:45 
 O tempo de fitness é:45.166072845458984
04-Oct-22 03:23:36 
 Parameters of the pesos 
 [-0.60963008  0.28805699 -0.7393155   1.20993101 -0.16117726 -0.73829944
 -0.83845635 -0.27913095 -0.51771478  0.87964499  0.21522989 -1.41843467
  1.59157369 -0.51225873 -1.37856668  0.4335616   0.527292   -0.78298878
 -0.98846233  0.14628538 -0.64723654]
04-Oct-22 03:36:48 
 Fitness of the generation solution 4: 0.9593472659604925
04-Oct-22 03:43:09 
 O tempo de fitness é:9.12000560760498
04-Oct-22 03:56:02 
 Parameters of the pesos 
 [-0.60963008  0.28805699 -0.7393155   1.20993101 -0.16117726 -0.73829944
 -0.83845635 -0.27913095 -0.51771478  0.87964499  0.21522989 -1.41843467
  1.59157369 -0.51225873 -1.37856668  0.4335616   0.527292   -0.78298878
 -0.98846233  0.14628538 -0.64723654]
04-Oct-22 04:08:44 
 Fitness of the generation solution 5: 0.9593472659604925
04-Oct-22 04:14:39 
 O tempo de fitness é:39.18052053451538
04-Oct-22 04:26:27 
 Parameters of the pesos 
 [-0.60963008  0.28805699 -0.7393155   1.20993101 -0.16117726 -0.73829944
 -0.83845635 -0.27913095 -0.51771478  0.87964499  0.21522989 -1.41843467
  1.59157369 -0.51225873 -1.37856668  0.4335616   0.527292   -0.78298878
 -0.98846233  0.14628538 -0.64723654]
04-Oct-22 04:38:16 
 Fitness of the generation solution 6: 0.9593472659604925
04-Oct-22 04:44:09 
 O tempo de fitness é:9.06970500946045
04-Oct-22 04:55:09 
 Parameters of the pesos 
 [-0.60963008  0.28805699 -0.7393155   1.20993101 -0.16117726 -0.73829944
 -0.83845635 -0.27913095 -0.51771478  0.87964499  0.21522989 -1.41843467
  1.59157369 -0.51225873 -1.37856668  0.4335616   0.527292   -0.78298878
 -0.98846233  0.14628538 -0.64723654]
04-Oct-22 05:06:15 
 Fitness of the generation solution 7: 0.9593472659604925
04-Oct-22 05:11:47 
 O tempo de fitness é:47.09265732765198
04-Oct-22 05:23:35 
 Parameters of the pesos 
 [-0.60963008  0.28805699 -0.7393155   1.20993101 -0.16117726 -0.73829944
 -0.83845635 -0.27913095 -0.51771478  0.87964499  0.21522989 -1.41843467
  1.59157369 -0.51225873 -1.37856668  0.4335616   0.527292   -0.78298878
 -0.98846233  0.14628538 -0.64723654]
04-Oct-22 05:35:24 
 Fitness of the generation solution 8: 0.9593472659604925
04-Oct-22 05:41:19 
 O tempo de fitness é:19.757242918014526
04-Oct-22 05:53:06 
 Parameters of the pesos 
 [-0.60963008  0.28805699 -0.7393155   1.20993101 -0.16117726 -0.73829944
 -0.83845635 -0.27913095 -0.51771478  0.87964499  0.21522989 -1.41843467
  1.59157369 -0.51225873 -1.37856668  0.4335616   0.527292   -0.78298878
 -0.98846233  0.14628538 -0.64723654]
04-Oct-22 06:04:55 
 Fitness of the generation solution 9: 0.9593472659604925
04-Oct-22 06:10:48 
 O tempo de fitness é:48.61039996147156
04-Oct-22 06:22:38 
 Parameters of the pesos 
 [-0.60963008  0.28805699 -0.7393155   1.20993101 -0.16117726 -0.73829944
 -0.83845635 -0.27913095 -0.51771478  0.87964499  0.21522989 -1.41843467
  1.59157369 -0.51225873 -1.37856668  0.4335616   0.527292   -0.78298878
 -0.98846233  0.14628538 -0.64723654]
04-Oct-22 06:34:32 
 Fitness of the generation solution 10: 0.9593472659604925
04-Oct-22 06:40:27 
 Parameters of the best solution 
 [-0.60963008  0.28805699 -0.7393155   1.20993101 -0.16117726 -0.73829944
 -0.83845635 -0.27913095 -0.51771478  0.87964499  0.21522989 -1.41843467
  1.59157369 -0.51225873 -1.37856668  0.4335616   0.527292   -0.78298878
 -0.98846233  0.14628538 -0.64723654]
04-Oct-22 06:40:27 
 Fitness value of the best solution(f1) 
  0.9593472659604925
04-Oct-22 06:40:27 
 O tempo medio foi: 31.991710424423218 Segundos
04-Oct-22 06:40:49 
 [[1721   25]
 [ 108 1640]]
04-Oct-22 06:40:49 
               precision    recall  f1-score   support

         0.0       0.94      0.99      0.96      1746
         1.0       0.98      0.94      0.96      1748

    accuracy                           0.96      3494
   macro avg       0.96      0.96      0.96      3494
weighted avg       0.96      0.96      0.96      3494

04-Oct-22 06:40:49 
 0.9619347452776188
04-Oct-22 06:40:49 
 Predicted output based on the best solution : 0.9619347452776188
