04-Oct-22 00:15:02 
 O tempo de fitness é:2.322901725769043
04-Oct-22 00:15:35 
 Parameters of the pesos 
 [-0.92669889 -0.26821144  0.54520913 -0.68727696 -0.67798718 -0.01032016
 -0.16737732 -0.7828181  -0.19080769 -0.76362183 -0.51257164  0.92732993
 -0.92493281  0.14733289 -0.97313321  1.34483357  0.5588575   0.22654403
  0.63904256 -0.028619   -0.54800963]
04-Oct-22 00:16:08 
 Fitness of the generation solution 1: 0.766
04-Oct-22 00:16:24 
 O tempo de fitness é:24.162326335906982
04-Oct-22 00:16:57 
 Parameters of the pesos 
 [-0.92669889 -0.26821144  0.54520913 -0.68727696 -0.67798718 -0.01032016
 -0.16737732 -0.7828181  -0.19080769 -0.76362183 -0.51257164  0.92732993
 -0.92493281  0.14733289 -0.97313321  1.34483357  0.5588575   0.22654403
  0.63904256 -0.028619   -0.54800963]
04-Oct-22 00:17:29 
 Fitness of the generation solution 2: 0.766
04-Oct-22 00:17:45 
 O tempo de fitness é:45.21710991859436
04-Oct-22 00:18:16 
 Parameters of the pesos 
 [-0.92669889 -0.26821144  0.54520913 -0.68727696 -0.67798718 -0.01032016
 -0.16737732 -0.7828181  -0.19080769 -0.76362183 -0.51257164  0.92732993
 -0.92493281  0.14733289 -0.97313321  1.34483357  0.5588575   0.22654403
  0.63904256 -0.028619   -0.54800963]
04-Oct-22 00:18:46 
 Fitness of the generation solution 3: 0.766
04-Oct-22 00:19:01 
 Parameters of the best solution 
 [-0.92669889 -0.26821144  0.54520913 -0.68727696 -0.67798718 -0.01032016
 -0.16737732 -0.7828181  -0.19080769 -0.76362183 -0.51257164  0.92732993
 -0.92493281  0.14733289 -0.97313321  1.34483357  0.5588575   0.22654403
  0.63904256 -0.028619   -0.54800963]
04-Oct-22 00:19:01 
 Fitness value of the best solution(f1) 
  0.766
04-Oct-22 00:19:01 
 O tempo medio foi: 24.162326335906982 Segundos
04-Oct-22 00:19:02 
 [[253 234]
 [240 273]]
04-Oct-22 00:19:02 
               precision    recall  f1-score   support

         0.0       0.51      0.52      0.52       487
         1.0       0.54      0.53      0.54       513

    accuracy                           0.53      1000
   macro avg       0.53      0.53      0.53      1000
weighted avg       0.53      0.53      0.53      1000

04-Oct-22 00:19:02 
 0.526
04-Oct-22 00:19:02 
 Predicted output based on the best solution : 0.526
