06-Oct-22 02:31:41 
 O tempo de fitness é:41.31573939323425
06-Oct-22 03:00:10 
 Parameters of the pesos 
 [ 1.23850642  0.34499702 -0.67188482 -1.17326844 -0.1534857  -0.92355696
 -0.07803348  0.70833018  0.85753585  0.86703546 -0.06300162 -0.12524754
 -0.08650798  0.65168726  0.74541624 -0.31546326 -0.75679151  0.15196696
 -0.15930546 -0.79380796 -0.42905284]
06-Oct-22 03:22:34 
 Fitness of the generation solution 1: 0.9704797047970479
06-Oct-22 03:33:34 
 O tempo de fitness é:34.16354727745056
06-Oct-22 03:54:10 
 Parameters of the pesos 
 [-0.4219007  -0.37599017  1.68224592 -0.16252736 -0.41147193 -0.54168457
 -0.36927292 -0.77398505 -0.6723002   0.86703546 -0.06300162 -0.94038142
 -0.08650798  0.65168726  0.74541624 -0.31546326 -0.75679151  0.48680365
 -0.15930546 -0.79380796 -0.16760735]
06-Oct-22 04:14:43 
 Fitness of the generation solution 2: 0.9707152390672843
06-Oct-22 04:25:00 
 O tempo de fitness é:0.5206825733184814
06-Oct-22 04:47:00 
 Parameters of the pesos 
 [-0.4219007  -0.37599017  1.68224592 -0.16252736 -0.41147193 -0.54168457
 -0.36927292 -0.77398505 -0.6723002   0.86703546 -0.06300162 -0.94038142
 -0.08650798  0.65168726  0.74541624 -0.31546326 -0.75679151  0.48680365
 -0.15930546 -0.79380796 -0.16760735]
06-Oct-22 05:08:51 
 Fitness of the generation solution 3: 0.9707152390672843
06-Oct-22 05:19:46 
 O tempo de fitness é:46.00239562988281
06-Oct-22 05:41:55 
 Parameters of the pesos 
 [-0.4219007  -0.37599017  1.68224592 -0.16252736 -0.41147193 -0.54168457
 -0.36927292 -0.77398505 -0.6723002   0.86703546 -0.06300162 -0.94038142
 -0.08650798  0.65168726  0.74541624 -0.31546326 -0.75679151  0.48680365
 -0.15930546 -0.79380796 -0.16760735]
06-Oct-22 06:04:04 
 Fitness of the generation solution 4: 0.9707152390672843
06-Oct-22 06:15:06 
 O tempo de fitness é:6.882780075073242
06-Oct-22 06:35:45 
 Parameters of the pesos 
 [-0.30686926 -0.40890686 -1.15915379 -0.73774452  0.60831524  0.68682431
 -0.55786186  0.87557935  0.01665838  2.63970272 -0.30316149  0.51051623
 -1.05802994  0.32272464  0.7438626   0.69292758  0.99611662  0.50633988
 -0.07565187 -0.99573125  1.52862572]
06-Oct-22 06:56:17 
 Fitness of the generation solution 5: 0.9711863076077568
06-Oct-22 07:06:34 
 O tempo de fitness é:34.1345374584198
06-Oct-22 07:28:29 
 Parameters of the pesos 
 [-0.30686926 -0.40890686 -1.15915379 -0.73774452  0.60831524  0.68682431
 -0.55786186  0.87557935  0.01665838  2.63970272 -0.30316149  0.51051623
 -1.05802994  0.32272464  0.7438626   0.69292758  0.99611662  0.50633988
 -0.07565187 -0.99573125  1.52862572]
06-Oct-22 07:50:27 
 Fitness of the generation solution 6: 0.9711863076077568
06-Oct-22 08:01:36 
 O tempo de fitness é:36.480597257614136
06-Oct-22 08:23:35 
 Parameters of the pesos 
 [-0.30686926 -0.40890686 -1.15915379 -0.73774452  0.60831524  0.68682431
 -0.55786186  0.87557935  0.01665838  2.63970272 -0.30316149  0.51051623
 -1.05802994  0.32272464  0.7438626   0.69292758  0.99611662  0.50633988
 -0.07565187 -0.99573125  1.52862572]
06-Oct-22 08:45:33 
 Fitness of the generation solution 7: 0.9711863076077568
06-Oct-22 08:56:32 
 O tempo de fitness é:32.011064529418945
06-Oct-22 09:17:08 
 Parameters of the pesos 
 [-0.30686926 -0.40890686 -1.15915379 -0.73774452  0.60831524  0.68682431
 -0.55786186  0.87557935  0.01665838  2.63970272 -0.30316149  0.51051623
 -1.05802994  0.32272464  0.7438626   0.69292758  0.99611662  0.50633988
 -0.07565187 -0.99573125  1.52862572]
06-Oct-22 09:37:40 
 Fitness of the generation solution 8: 0.9711863076077568
06-Oct-22 09:47:57 
 O tempo de fitness é:57.148882150650024
06-Oct-22 10:09:52 
 Parameters of the pesos 
 [-0.30686926 -0.40890686 -1.15915379 -0.73774452  0.60831524  0.68682431
 -0.55786186  0.87557935  0.01665838  2.63970272 -0.30316149  0.51051623
 -1.05802994  0.32272464  0.7438626   0.69292758  0.99611662  0.50633988
 -0.07565187 -0.99573125  1.52862572]
06-Oct-22 10:31:43 
 Fitness of the generation solution 9: 0.9711863076077568
06-Oct-22 10:42:36 
 O tempo de fitness é:36.0302369594574
06-Oct-22 11:04:27 
 Parameters of the pesos 
 [-0.30686926 -0.40890686 -1.15915379 -0.73774452  0.60831524  0.68682431
 -0.55786186  0.87557935  0.01665838  2.63970272 -0.30316149  0.51051623
 -1.05802994  0.32272464  0.7438626   0.69292758  0.99611662  0.50633988
 -0.07565187 -0.99573125  1.52862572]
06-Oct-22 11:26:28 
 Fitness of the generation solution 10: 0.9711863076077568
06-Oct-22 11:37:24 
 Parameters of the best solution 
 [-0.30686926 -0.40890686 -1.15915379 -0.73774452  0.60831524  0.68682431
 -0.55786186  0.87557935  0.01665838  2.63970272 -0.30316149  0.51051623
 -1.05802994  0.32272464  0.7438626   0.69292758  0.99611662  0.50633988
 -0.07565187 -0.99573125  1.52862572]
06-Oct-22 11:37:24 
 Fitness value of the best solution(f1) 
  0.9711863076077568
06-Oct-22 11:37:24 
 O tempo medio foi: 35.09689211845398 Segundos
06-Oct-22 11:38:05 
 [[3222   31]
 [ 172 2944]]
06-Oct-22 11:38:05 
               precision    recall  f1-score   support

         0.0       0.95      0.99      0.97      3253
         1.0       0.99      0.94      0.97      3116

    accuracy                           0.97      6369
   macro avg       0.97      0.97      0.97      6369
weighted avg       0.97      0.97      0.97      6369

06-Oct-22 11:38:05 
 0.9681268644999215
06-Oct-22 11:38:05 
 Predicted output based on the best solution : 0.9681268644999215
