03-Oct-22 02:35:37 
 O tempo de fitness é:37.152872800827026
03-Oct-22 02:35:46 
 Parameters of the pesos 
 [1.98487848 1.         1.         1.         1.         0.92414851
 1.63505525 1.         1.         1.         1.         1.
 1.         1.         0.9240483  1.62096716 1.         1.
 1.         1.         1.        ]
03-Oct-22 02:35:56 
 Fitness of the generation solution 1: 0.55
03-Oct-22 02:36:01 
 O tempo de fitness é:1.1239829063415527
03-Oct-22 02:36:10 
 Parameters of the pesos 
 [1.98487848 1.         1.         1.         1.         0.92414851
 1.63505525 1.         1.         1.         1.         1.
 1.         1.         0.9240483  1.62096716 1.         1.
 1.         1.         1.        ]
03-Oct-22 02:36:20 
 Fitness of the generation solution 2: 0.55
03-Oct-22 02:36:25 
 O tempo de fitness é:25.52931523323059
03-Oct-22 02:36:34 
 Parameters of the pesos 
 [1.98487848 1.         1.         1.         1.         0.92414851
 1.63505525 1.         1.         1.         1.         1.
 1.         1.         0.9240483  1.62096716 1.         1.
 1.         1.         1.        ]
03-Oct-22 02:36:43 
 Fitness of the generation solution 3: 0.55
03-Oct-22 02:36:48 
 O tempo de fitness é:48.260655641555786
03-Oct-22 02:36:57 
 Parameters of the pesos 
 [1.57848471 0.12568753 1.97975932 1.         1.         1.
 0.28294604 0.57072716 1.10112404 1.70401101 1.89255582 1.13348635
 1.         1.         0.12166096 1.13811767 1.98034173 1.27623282
 1.19531068 1.19393713 1.        ]
03-Oct-22 02:37:07 
 Fitness of the generation solution 4: 0.562
03-Oct-22 02:37:12 
 O tempo de fitness é:12.18774127960205
03-Oct-22 02:37:21 
 Parameters of the pesos 
 [1.57848471 0.12568753 1.97975932 1.         1.         1.
 0.28294604 0.57072716 1.10112404 1.70401101 1.89255582 1.13348635
 1.         1.         0.12166096 1.13811767 1.98034173 1.27623282
 1.19531068 1.19393713 1.        ]
03-Oct-22 02:37:31 
 Fitness of the generation solution 5: 0.562
03-Oct-22 02:37:35 
 O tempo de fitness é:35.91323471069336
03-Oct-22 02:37:45 
 Parameters of the pesos 
 [1.57848471 0.12568753 1.97975932 1.         1.         1.
 0.28294604 0.57072716 1.10112404 1.70401101 1.89255582 1.13348635
 1.         1.         0.12166096 1.13811767 1.98034173 1.27623282
 1.19531068 1.19393713 1.        ]
03-Oct-22 02:37:55 
 Fitness of the generation solution 6: 0.562
03-Oct-22 02:38:00 
 O tempo de fitness é:0.23424553871154785
03-Oct-22 02:38:09 
 Parameters of the pesos 
 [1.57848471 0.12568753 1.97975932 1.         1.         1.
 0.28294604 0.57072716 1.10112404 1.70401101 1.89255582 1.13348635
 1.         1.         0.12166096 1.13811767 1.98034173 1.27623282
 1.19531068 1.19393713 1.        ]
03-Oct-22 02:38:19 
 Fitness of the generation solution 7: 0.562
03-Oct-22 02:38:24 
 O tempo de fitness é:24.20881462097168
03-Oct-22 02:38:33 
 Parameters of the pesos 
 [ 1.          1.2992667   0.92303422 -1.23195109 -0.41460986  0.52672309
 -0.64906072  0.88780543  1.5041756  -0.06896377  0.42446413  1.42870038
 -0.87813712 -0.38783489  0.30013838  0.28129274  1.9991904   1.70090115
  1.39683862  0.35316741 -0.29401698]
03-Oct-22 02:38:42 
 Fitness of the generation solution 8: 0.567
03-Oct-22 02:38:46 
 O tempo de fitness é:46.52834153175354
03-Oct-22 02:38:55 
 Parameters of the pesos 
 [-1.0700433   0.90377916  1.74851613 -1.23195109 -0.41460986  0.52672309
 -0.64906072  1.4278341   1.5041756   0.67015369  0.42446413  0.43586727
 -0.87813712 -0.99735292  0.30013838  0.28129274  2.41337207  1.70090115
  1.39683862  0.35316741 -0.29401698]
03-Oct-22 02:39:04 
 Fitness of the generation solution 9: 0.568
03-Oct-22 02:39:08 
 O tempo de fitness é:8.84659719467163
03-Oct-22 02:39:17 
 Parameters of the pesos 
 [-1.0700433   0.90377916  1.74851613 -1.23195109 -0.41460986  0.52672309
 -0.64906072  1.4278341   1.5041756   0.67015369  0.42446413  0.43586727
 -0.87813712 -0.99735292  0.30013838  0.28129274  2.41337207  1.70090115
  1.39683862  0.35316741 -0.29401698]
03-Oct-22 02:39:26 
 Fitness of the generation solution 10: 0.568
03-Oct-22 02:39:31 
 O tempo de fitness é:31.292741775512695
03-Oct-22 02:39:41 
 Parameters of the pesos 
 [-1.0700433   0.90377916  1.74851613 -1.23195109 -0.41460986  0.52672309
 -0.64906072  1.4278341   1.5041756   0.67015369  0.42446413  0.43586727
 -0.87813712 -0.99735292  0.30013838  0.28129274  2.41337207  1.70090115
  1.39683862  0.35316741 -0.29401698]
03-Oct-22 02:39:51 
 Fitness of the generation solution 11: 0.568
03-Oct-22 02:39:55 
 O tempo de fitness é:55.81787943840027
03-Oct-22 02:40:04 
 Parameters of the pesos 
 [-1.0700433   0.90377916  1.74851613 -1.23195109 -0.41460986  0.52672309
 -0.64906072  1.4278341   1.5041756   0.67015369  0.42446413  0.43586727
 -0.87813712 -0.99735292  0.30013838  0.28129274  2.41337207  1.70090115
  1.39683862  0.35316741 -0.29401698]
03-Oct-22 02:40:13 
 Fitness of the generation solution 12: 0.568
03-Oct-22 02:40:18 
 O tempo de fitness é:18.259235858917236
03-Oct-22 02:40:27 
 Parameters of the pesos 
 [-1.0700433   0.90377916  1.74851613 -1.23195109 -0.41460986  0.52672309
 -1.58822102  1.4278341   1.5041756   0.9573706  -0.04772928  0.19553502
 -0.87813712 -1.87242564  1.3525174   0.28129274  2.41337207  1.70090115
  1.39683862  0.35316741 -0.4654384 ]
03-Oct-22 02:40:37 
 Fitness of the generation solution 13: 0.571
03-Oct-22 02:40:42 
 O tempo de fitness é:42.17697834968567
03-Oct-22 02:40:51 
 Parameters of the pesos 
 [-1.0700433   0.90377916  1.74851613 -1.23195109 -0.41460986  0.52672309
 -1.58822102  1.4278341   1.5041756   0.9573706  -0.04772928  0.19553502
 -0.87813712 -1.87242564  1.3525174   0.28129274  2.41337207  1.70090115
  1.39683862  0.35316741 -0.4654384 ]
03-Oct-22 02:41:01 
 Fitness of the generation solution 14: 0.571
03-Oct-22 02:41:06 
 O tempo de fitness é:6.110138177871704
03-Oct-22 02:41:15 
 Parameters of the pesos 
 [-1.0700433   0.44792662  2.255602    0.20380229 -0.41460986 -0.19667069
 -1.58822102  1.4278341   0.76517141  1.99824686  0.42446413 -0.24310089
 -0.18431    -0.99735292  1.0538317   0.54885242  3.06533221  1.1140618
  1.39683862  0.06467476  0.31162482]
03-Oct-22 02:41:24 
 Fitness of the generation solution 15: 0.586
03-Oct-22 02:41:28 
 O tempo de fitness é:28.665082216262817
03-Oct-22 02:41:37 
 Parameters of the pesos 
 [-1.0700433   1.29242633  1.74851613 -2.408896   -1.02961941 -0.19667069
 -1.49738407  1.4278341   0.90431248  2.66292827  0.42446413 -0.24310089
 -0.18431    -0.45859707  0.07430821  0.04004284  2.83718648  2.18259413
  0.7766766   0.06467476  0.31162482]
03-Oct-22 02:41:46 
 Fitness of the generation solution 16: 0.591
03-Oct-22 02:41:51 
 O tempo de fitness é:51.54982781410217
03-Oct-22 02:42:01 
 Parameters of the pesos 
 [-1.0700433   1.29242633  1.74851613 -2.408896   -1.02961941 -0.19667069
 -1.49738407  1.4278341   0.90431248  2.66292827  0.42446413 -0.24310089
 -0.18431    -0.45859707  0.07430821  0.04004284  2.83718648  2.18259413
  0.7766766   0.06467476  0.31162482]
03-Oct-22 02:42:10 
 Fitness of the generation solution 17: 0.591
03-Oct-22 02:42:15 
 O tempo de fitness é:15.599963426589966
03-Oct-22 02:42:25 
 Parameters of the pesos 
 [-1.0700433   1.29242633  1.74851613 -2.408896   -1.02961941 -0.19667069
 -1.49738407  1.4278341   0.90431248  2.66292827  0.42446413 -0.24310089
 -0.18431    -0.45859707  0.07430821  0.04004284  2.83718648  2.18259413
  0.7766766   0.06467476  0.31162482]
03-Oct-22 02:42:34 
 Fitness of the generation solution 18: 0.591
03-Oct-22 02:42:39 
 O tempo de fitness é:39.7678017616272
03-Oct-22 02:42:49 
 Parameters of the pesos 
 [-1.0700433   1.29242633  1.74851613 -2.408896   -1.02961941 -0.19667069
 -1.49738407  1.4278341   0.90431248  2.66292827  0.42446413 -0.24310089
 -0.18431    -0.45859707  0.07430821  0.04004284  2.83718648  2.18259413
  0.7766766   0.06467476  0.31162482]
03-Oct-22 02:42:59 
 Fitness of the generation solution 19: 0.591
03-Oct-22 02:43:03 
 O tempo de fitness é:3.996692657470703
03-Oct-22 02:43:13 
 Parameters of the pesos 
 [-1.0700433   1.29242633  1.74851613 -2.408896   -1.02961941 -0.19667069
 -1.49738407  1.4278341   0.90431248  2.66292827  0.42446413 -0.24310089
 -0.18431    -0.45859707  0.07430821  0.04004284  2.83718648  2.18259413
  0.7766766   0.06467476  0.31162482]
03-Oct-22 02:43:23 
 Fitness of the generation solution 20: 0.591
03-Oct-22 02:43:28 
 Parameters of the best solution 
 [-1.0700433   1.29242633  1.74851613 -2.408896   -1.02961941 -0.19667069
 -1.49738407  1.4278341   0.90431248  2.66292827  0.42446413 -0.24310089
 -0.18431    -0.45859707  0.07430821  0.04004284  2.83718648  2.18259413
  0.7766766   0.06467476  0.31162482]
03-Oct-22 02:43:28 
 Fitness value of the best solution(f1) 
  0.591
03-Oct-22 02:43:28 
 O tempo medio foi: 27.097198724746704 Segundos
