03-Oct-22 01:59:59 
 O tempo de fitness é:59.56625413894653
03-Oct-22 02:00:09 
 Parameters of the pesos 
 [-0.00872513 -0.86776749  0.21581398  0.25861099 -0.08720788 -0.76493377
  0.12000862  0.68596031 -0.68276465  0.25408858 -0.2630137  -0.50474627
  0.80770355  0.36365414  0.09086475  0.75657045 -0.75504205  0.81423811
  0.38092482  0.90599695 -0.08905282]
03-Oct-22 02:00:18 
 Fitness of the generation solution 1: 0.527
03-Oct-22 02:00:23 
 O tempo de fitness é:23.3823823928833
03-Oct-22 02:00:32 
 Parameters of the pesos 
 [-1.32677364  0.29711497 -1.5563114   0.63077075  1.13332682 -0.9639655
 -0.5947256   0.86732962  0.29345253  1.15534283 -0.43737549  0.86052868
  0.75518104 -0.3642666  -0.54399234 -1.77749731 -0.20265827  0.88043675
 -0.5820646  -0.8934315  -0.04777002]
03-Oct-22 02:00:42 
 Fitness of the generation solution 2: 0.529
03-Oct-22 02:00:47 
 O tempo de fitness é:47.18309283256531
03-Oct-22 02:00:56 
 Parameters of the pesos 
 [-1.32677364  0.29711497 -1.5563114   0.63077075  1.13332682 -0.9639655
 -0.5947256   0.86732962  0.29345253  1.19600363 -0.43737549  0.86052868
  0.87774255 -0.3642666  -1.25439014 -1.77749731 -0.20265827  1.04392779
 -0.57833049 -0.8934315  -0.09730236]
03-Oct-22 02:01:05 
 Fitness of the generation solution 3: 0.536
03-Oct-22 02:01:09 
 O tempo de fitness é:9.829333543777466
03-Oct-22 02:01:19 
 Parameters of the pesos 
 [-1.32677364  0.29711497 -1.5563114   0.63077075  1.13332682 -0.9639655
 -0.5947256   0.86732962  0.29345253  1.19600363 -0.43737549  0.86052868
  0.87774255 -0.3642666  -1.25439014 -1.77749731 -0.20265827  1.04392779
 -0.57833049 -0.8934315  -0.09730236]
03-Oct-22 02:01:28 
 Fitness of the generation solution 4: 0.536
03-Oct-22 02:01:33 
 O tempo de fitness é:33.591530561447144
03-Oct-22 02:01:43 
 Parameters of the pesos 
 [-0.54510032  0.13779259 -0.836436    0.65002859  0.48724375 -0.95749416
 -0.5947256   2.14095547 -1.53276944  1.71932017 -0.04177947  0.10678812
  0.75518104  0.4335344   1.29186537 -1.77749731 -0.20265827  0.88043675
 -0.38969335 -0.8934315  -0.04777002]
03-Oct-22 02:01:52 
 Fitness of the generation solution 5: 0.538
03-Oct-22 02:01:57 
 O tempo de fitness é:57.407618045806885
03-Oct-22 02:02:06 
 Parameters of the pesos 
 [-0.54510032  0.13779259 -0.836436    0.65002859  0.48724375 -0.95749416
 -0.5947256   2.14095547 -1.53276944  1.71932017 -0.04177947  0.10678812
  0.75518104  0.4335344   1.29186537 -1.77749731 -0.20265827  0.88043675
 -0.38969335 -0.8934315  -0.04777002]
03-Oct-22 02:02:15 
 Fitness of the generation solution 6: 0.538
03-Oct-22 02:02:19 
 O tempo de fitness é:19.869094133377075
03-Oct-22 02:02:28 
 Parameters of the pesos 
 [-1.32677364 -0.21296087 -0.92984274  0.63077075  0.89491821 -1.75773505
 -0.88787549  2.14095547 -1.53276944  1.71932017 -0.04177947  0.10678812
  0.75518104  0.15871783  1.29186537 -1.77749731 -0.42337555  0.88043675
 -0.38969335 -0.8934315  -0.04777002]
03-Oct-22 02:02:37 
 Fitness of the generation solution 7: 0.547
03-Oct-22 02:02:42 
 O tempo de fitness é:42.20915627479553
03-Oct-22 02:02:51 
 Parameters of the pesos 
 [-0.54510032 -0.73598682 -1.56677189  0.65002859  0.13688773 -0.95749416
 -0.5947256   2.14095547 -1.53276944  1.71932017  0.77061829  0.10678812
  0.75518104  0.15871783  1.29186537 -1.77749731 -0.42337555  0.88043675
 -0.50258975 -0.8934315  -0.04777002]
03-Oct-22 02:03:00 
 Fitness of the generation solution 8: 0.566
03-Oct-22 02:03:04 
 O tempo de fitness é:4.519335508346558
03-Oct-22 02:03:14 
 Parameters of the pesos 
 [-0.54510032 -0.73598682 -1.56677189  0.65002859  0.13688773 -0.95749416
 -0.5947256   2.14095547 -1.53276944  1.71932017  0.77061829  0.10678812
  0.75518104  0.15871783  1.29186537 -1.77749731 -0.42337555  0.88043675
 -0.50258975 -0.8934315  -0.04777002]
03-Oct-22 02:03:23 
 Fitness of the generation solution 9: 0.566
03-Oct-22 02:03:28 
 O tempo de fitness é:28.382440090179443
03-Oct-22 02:03:37 
 Parameters of the pesos 
 [-0.54510032 -0.73598682 -1.56677189  0.65002859  0.13688773 -0.95749416
 -0.5947256   2.14095547 -1.53276944  1.71932017  0.77061829  0.10678812
  0.75518104  0.15871783  1.29186537 -1.77749731 -0.42337555  0.88043675
 -0.50258975 -0.8934315  -0.04777002]
03-Oct-22 02:03:47 
 Fitness of the generation solution 10: 0.566
03-Oct-22 02:03:52 
 O tempo de fitness é:52.24552130699158
03-Oct-22 02:04:01 
 Parameters of the pesos 
 [-0.54510032 -0.73598682 -1.56677189  0.65002859  0.13688773 -0.95749416
 -0.5947256   2.14095547 -1.53276944  1.71932017  0.77061829  0.10678812
  0.75518104  0.15871783  1.29186537 -1.77749731 -0.42337555  0.88043675
 -0.50258975 -0.8934315  -0.04777002]
03-Oct-22 02:04:11 
 Fitness of the generation solution 11: 0.566
03-Oct-22 02:04:16 
 O tempo de fitness é:16.589831829071045
03-Oct-22 02:04:26 
 Parameters of the pesos 
 [-0.54510032 -0.73598682 -1.56677189  0.65002859  0.13688773 -0.95749416
 -0.5947256   2.14095547 -1.53276944  1.71932017  0.77061829  0.10678812
  0.75518104  0.15871783  1.29186537 -1.77749731 -0.42337555  0.88043675
 -0.50258975 -0.8934315  -0.04777002]
03-Oct-22 02:04:35 
 Fitness of the generation solution 12: 0.566
03-Oct-22 02:04:40 
 O tempo de fitness é:40.67291069030762
03-Oct-22 02:04:49 
 Parameters of the pesos 
 [-0.54510032 -0.73598682 -1.56677189  0.65002859  0.13688773 -0.95749416
 -0.5947256   2.14095547 -1.53276944  1.71932017  0.77061829  0.10678812
  0.75518104  0.15871783  1.29186537 -1.77749731 -0.42337555  0.88043675
 -0.50258975 -0.8934315  -0.04777002]
03-Oct-22 02:04:58 
 Fitness of the generation solution 13: 0.566
03-Oct-22 02:05:03 
 O tempo de fitness é:3.039787769317627
03-Oct-22 02:05:12 
 Parameters of the pesos 
 [-0.54510032 -0.73598682 -1.56677189  0.65002859  0.13688773 -0.95749416
 -0.5947256   2.14095547 -1.53276944  1.71932017  0.77061829  0.10678812
  0.75518104  0.15871783  1.29186537 -1.77749731 -0.42337555  0.88043675
 -0.50258975 -0.8934315  -0.04777002]
03-Oct-22 02:05:21 
 Fitness of the generation solution 14: 0.566
03-Oct-22 02:05:25 
 O tempo de fitness é:25.585647583007812
03-Oct-22 02:05:34 
 Parameters of the pesos 
 [-1.49561347 -0.73598682 -1.56677189  0.65002859  0.13688773  0.7795512
 -0.71211135  0.95495952 -0.46019845  1.71932017  0.72664915  0.29370893
  1.38965409  0.30770576  1.29186537 -1.77749731 -0.8764715   0.88043675
 -1.07366224 -1.35906968 -0.04777002]
03-Oct-22 02:05:43 
 Fitness of the generation solution 15: 0.572
03-Oct-22 02:05:48 
 O tempo de fitness é:48.19868183135986
03-Oct-22 02:05:57 
 Parameters of the pesos 
 [-1.41602472  0.64414187 -0.94878236 -0.46297722  0.90630842 -1.67690582
 -0.23501384  2.6909377   0.24318616  1.51042912  0.30925609 -1.38531375
  2.61969011 -0.2414712   1.57079762 -1.26419715 -1.22673835  0.88043675
 -0.50258975 -0.38246753 -0.04777002]
03-Oct-22 02:06:06 
 Fitness of the generation solution 16: 0.574
03-Oct-22 02:06:10 
 O tempo de fitness é:10.686084508895874
03-Oct-22 02:06:20 
 Parameters of the pesos 
 [-2.21509619 -0.73598682 -2.09083327  0.75013531  0.13688773  0.7795512
 -0.2424875   3.51537521  0.61680387  1.85470716  0.30925609 -0.61396552
  1.85700166  0.58950379  2.25416844 -1.28224887  0.10844209  0.88043675
  0.37387285  0.36779487  0.15138672]
03-Oct-22 02:06:29 
 Fitness of the generation solution 17: 0.575
03-Oct-22 02:06:34 
 O tempo de fitness é:34.73721122741699
03-Oct-22 02:06:43 
 Parameters of the pesos 
 [-2.21509619 -0.73598682 -2.09083327  0.75013531  0.13688773  0.7795512
 -0.2424875   3.51537521  0.61680387  1.85470716  0.30925609 -0.61396552
  1.85700166  0.58950379  2.25416844 -1.28224887  0.10844209  0.88043675
  0.37387285  0.36779487  0.15138672]
03-Oct-22 02:06:52 
 Fitness of the generation solution 18: 0.575
03-Oct-22 02:06:57 
 O tempo de fitness é:57.34710741043091
03-Oct-22 02:07:06 
 Parameters of the pesos 
 [-2.21509619 -0.73598682 -2.09083327  0.75013531  0.13688773  0.7795512
 -0.2424875   3.51537521  0.61680387  1.85470716  0.30925609 -0.61396552
  1.85700166  0.58950379  2.25416844 -1.28224887  0.10844209  0.88043675
  0.37387285  0.36779487  0.15138672]
03-Oct-22 02:07:15 
 Fitness of the generation solution 19: 0.575
03-Oct-22 02:07:20 
 O tempo de fitness é:20.01869034767151
03-Oct-22 02:07:29 
 Parameters of the pesos 
 [-2.21509619 -0.73598682 -2.09083327  0.75013531  0.13688773  0.7795512
 -0.2424875   3.51537521  0.61680387  1.85470716  0.30925609 -0.61396552
  1.85700166  0.58950379  2.25416844 -1.28224887  0.10844209  0.88043675
  0.37387285  0.36779487  0.15138672]
03-Oct-22 02:07:39 
 Fitness of the generation solution 20: 0.575
03-Oct-22 02:07:44 
 Parameters of the best solution 
 [-2.21509619 -0.73598682 -2.09083327  0.75013531  0.13688773  0.7795512
 -0.2424875   3.51537521  0.61680387  1.85470716  0.30925609 -0.61396552
  1.85700166  0.58950379  2.25416844 -1.28224887  0.10844209  0.88043675
  0.37387285  0.36779487  0.15138672]
03-Oct-22 02:07:44 
 Fitness value of the best solution(f1) 
  0.575
03-Oct-22 02:07:44 
 O tempo medio foi: 30.986985325813293
