03-Oct-22 01:31:52 
 O tempo de fitness é:1664771512.9870203
03-Oct-22 01:32:02 
 Parameters of the pesos 
 [-0.4136428   0.18130445  0.49246264  0.44069855  0.45872351 -0.00385439
  0.02353824  0.79127892 -0.62164597  0.26230608  0.17860936  0.15438526
  0.775422   -0.17517193  0.4551866  -0.93476765  0.76265775  0.56302753
  0.75229399  0.50479908  0.14217658]
03-Oct-22 01:32:12 
 Fitness of the generation solution 1: 0.53
03-Oct-22 01:32:17 
 O tempo de fitness é:1664771537.287899
03-Oct-22 01:32:26 
 Parameters of the pesos 
 [-0.3581126  -1.26569869  0.82719503  0.90088173 -1.15779452  0.94276406
  0.51679471  0.30171758 -0.26830756  0.21416147 -0.71816848  0.46544715
 -0.117587    0.94731119 -0.10385931  0.10841943  0.61649738 -0.7955623
  1.31549463 -0.93782949  0.70433217]
03-Oct-22 01:32:36 
 Fitness of the generation solution 2: 0.531
03-Oct-22 01:32:41 
 O tempo de fitness é:1664771561.7128375
03-Oct-22 01:32:51 
 Parameters of the pesos 
 [-0.88896773  0.82080427  1.8246319   0.93488323 -1.15779452 -0.19092322
 -0.04676203 -0.204469    0.19442397  0.34833327  1.38754913  0.01705723
  0.68117317  0.31077038  0.88014703  0.25646308 -0.1117325   0.48193499
 -0.20051828  0.29381032 -0.32472303]
03-Oct-22 01:33:00 
 Fitness of the generation solution 3: 0.547
03-Oct-22 01:33:05 
 O tempo de fitness é:1664771585.789852
03-Oct-22 01:33:15 
 Parameters of the pesos 
 [-0.88896773  0.82080427  1.8246319   0.93488323 -1.15779452 -0.19092322
 -0.04676203 -0.204469    0.19442397  0.34833327  1.38754913  0.01705723
  0.68117317  0.31077038  0.88014703  0.25646308 -0.1117325   0.48193499
 -0.20051828  0.29381032 -0.32472303]
03-Oct-22 01:33:25 
 Fitness of the generation solution 4: 0.547
03-Oct-22 01:33:29 
 O tempo de fitness é:1664771609.924637
03-Oct-22 01:33:39 
 Parameters of the pesos 
 [-0.0167264   0.7562037   1.35434174 -1.4713147  -0.9462622   0.09433482
  0.09828954  0.57858076  0.22124571  0.3492638  -0.61090491 -0.38833393
  1.41228514  0.33519936 -0.2770544  -0.37570564  0.50851114 -1.09883407
  0.58620149 -0.2560511   0.05379504]
03-Oct-22 01:33:48 
 Fitness of the generation solution 5: 0.55
03-Oct-22 01:33:52 
 O tempo de fitness é:1664771632.996134
03-Oct-22 01:34:03 
 Parameters of the pesos 
 [-0.88896773  1.34484629  1.8246319   1.88561892 -1.46931457 -0.19092322
 -0.04676203 -0.204469    0.15104879  0.39485466  1.38754913  0.01705723
  1.58439055  0.18235144  0.88014703  0.03816678 -0.1117325   0.48193499
 -0.20051828  0.29381032 -0.32472303]
03-Oct-22 01:34:12 
 Fitness of the generation solution 6: 0.585
03-Oct-22 01:34:17 
 O tempo de fitness é:1664771657.629051
03-Oct-22 01:34:26 
 Parameters of the pesos 
 [-0.88896773  1.34484629  1.8246319   1.88561892 -1.46931457 -0.19092322
 -0.04676203 -0.204469    0.15104879  0.39485466  1.38754913  0.01705723
  1.58439055  0.18235144  0.88014703  0.03816678 -0.1117325   0.48193499
 -0.20051828  0.29381032 -0.32472303]
03-Oct-22 01:34:35 
 Fitness of the generation solution 7: 0.585
03-Oct-22 01:34:40 
 O tempo de fitness é:1664771680.3503556
03-Oct-22 01:34:50 
 Parameters of the pesos 
 [-0.88896773  1.34484629  1.8246319   1.88561892 -1.46931457 -0.19092322
 -0.04676203 -0.204469    0.15104879  0.39485466  1.38754913  0.01705723
  1.58439055  0.18235144  0.88014703  0.03816678 -0.1117325   0.48193499
 -0.20051828  0.29381032 -0.32472303]
03-Oct-22 01:34:59 
 Fitness of the generation solution 8: 0.585
03-Oct-22 01:35:04 
 O tempo de fitness é:1664771704.7816784
03-Oct-22 01:35:14 
 Parameters of the pesos 
 [-0.88896773  1.34484629  1.8246319   1.88561892 -1.46931457 -0.19092322
 -0.04676203 -0.204469    0.15104879  0.39485466  1.38754913  0.01705723
  1.58439055  0.18235144  0.88014703  0.03816678 -0.1117325   0.48193499
 -0.20051828  0.29381032 -0.32472303]
03-Oct-22 01:35:24 
 Fitness of the generation solution 9: 0.585
03-Oct-22 01:35:29 
 O tempo de fitness é:1664771729.1771555
03-Oct-22 01:35:39 
 Parameters of the pesos 
 [-0.88896773  1.34484629  1.8246319   1.88561892 -1.46931457 -0.19092322
 -0.04676203 -0.204469    0.15104879  0.39485466  1.38754913  0.01705723
  1.58439055  0.18235144  0.88014703  0.03816678 -0.1117325   0.48193499
 -0.20051828  0.29381032 -0.32472303]
03-Oct-22 01:35:49 
 Fitness of the generation solution 10: 0.585
03-Oct-22 01:35:53 
 O tempo de fitness é:1664771753.9178047
03-Oct-22 01:36:03 
 Parameters of the pesos 
 [-0.88896773  1.34484629  1.8246319   1.88561892 -1.46931457 -0.19092322
 -0.04676203 -0.204469    0.15104879  0.39485466  1.38754913  0.01705723
  1.58439055  0.18235144  0.88014703  0.03816678 -0.1117325   0.48193499
 -0.20051828  0.29381032 -0.32472303]
03-Oct-22 01:36:13 
 Fitness of the generation solution 11: 0.585
03-Oct-22 01:36:18 
 O tempo de fitness é:1664771778.4327233
03-Oct-22 01:36:27 
 Parameters of the pesos 
 [-0.88896773  1.34484629  1.8246319   1.88561892 -1.46931457 -0.19092322
 -0.04676203 -0.204469    0.15104879  0.39485466  1.38754913  0.01705723
  1.58439055  0.18235144  0.88014703  0.03816678 -0.1117325   0.48193499
 -0.20051828  0.29381032 -0.32472303]
03-Oct-22 01:36:36 
 Fitness of the generation solution 12: 0.585
03-Oct-22 01:36:41 
 O tempo de fitness é:1664771801.2479362
03-Oct-22 01:36:50 
 Parameters of the pesos 
 [-0.88896773  1.34484629  1.8246319   1.88561892 -1.46931457 -0.19092322
 -0.04676203 -0.204469    0.15104879  0.39485466  1.38754913  0.01705723
  1.58439055  0.18235144  0.88014703  0.03816678 -0.1117325   0.48193499
 -0.20051828  0.29381032 -0.32472303]
03-Oct-22 01:36:59 
 Fitness of the generation solution 13: 0.585
03-Oct-22 01:37:04 
 O tempo de fitness é:1664771824.304222
03-Oct-22 01:37:14 
 Parameters of the pesos 
 [-0.88896773  1.34484629  1.8246319   1.88561892 -1.46931457 -0.19092322
 -0.04676203 -0.204469    0.15104879  0.39485466  1.38754913  0.01705723
  1.58439055  0.18235144  0.88014703  0.03816678 -0.1117325   0.48193499
 -0.20051828  0.29381032 -0.32472303]
03-Oct-22 01:37:23 
 Fitness of the generation solution 14: 0.585
03-Oct-22 01:37:28 
 O tempo de fitness é:1664771848.8372393
03-Oct-22 01:37:38 
 Parameters of the pesos 
 [-0.88896773  1.34484629  1.8246319   1.88561892 -1.46931457 -0.19092322
 -0.04676203 -0.204469    0.15104879  0.39485466  1.38754913  0.01705723
  1.58439055  0.18235144  0.88014703  0.03816678 -0.1117325   0.48193499
 -0.20051828  0.29381032 -0.32472303]
03-Oct-22 01:37:47 
 Fitness of the generation solution 15: 0.585
03-Oct-22 01:37:51 
 O tempo de fitness é:1664771871.763637
03-Oct-22 01:38:01 
 Parameters of the pesos 
 [-0.88896773  1.34484629  1.8246319   1.88561892 -1.46931457 -0.19092322
 -0.04676203 -0.204469    0.15104879  0.39485466  1.38754913  0.01705723
  1.58439055  0.18235144  0.88014703  0.03816678 -0.1117325   0.48193499
 -0.20051828  0.29381032 -0.32472303]
03-Oct-22 01:38:11 
 Fitness of the generation solution 16: 0.585
03-Oct-22 01:38:16 
 O tempo de fitness é:1664771896.2695947
03-Oct-22 01:38:25 
 Parameters of the pesos 
 [-1.31104896  1.85207034  1.8246319   2.22454327 -1.46931457 -0.19092322
 -0.04676203 -0.45898236  0.15104879  0.39485466  1.84563487  0.01705723
  1.58439055  0.18235144  0.88014703  0.03816678 -0.0041429   0.17227493
 -0.20051828  0.29381032 -0.32472303]
03-Oct-22 01:38:34 
 Fitness of the generation solution 17: 0.597
03-Oct-22 01:38:39 
 O tempo de fitness é:1664771919.5451996
03-Oct-22 01:38:49 
 Parameters of the pesos 
 [-1.31104896  1.85207034  1.8246319   2.22454327 -1.46931457 -0.19092322
 -0.04676203 -0.45898236  0.15104879  0.39485466  1.84563487  0.01705723
  1.58439055  0.18235144  0.88014703  0.03816678 -0.0041429   0.17227493
 -0.20051828  0.29381032 -0.32472303]
03-Oct-22 01:38:59 
 Fitness of the generation solution 18: 0.597
03-Oct-22 01:39:04 
 O tempo de fitness é:1664771944.0577664
