03-Oct-22 00:06:29 
 Fitness of the generation solution 1: 0.529
03-Oct-22 00:06:48 
 Fitness of the generation solution 2: 0.533
03-Oct-22 00:07:06 
 Fitness of the generation solution 3: 0.533
03-Oct-22 00:07:25 
 Fitness of the generation solution 4: 0.54
03-Oct-22 00:07:44 
 Fitness of the generation solution 5: 0.543
03-Oct-22 00:08:02 
 Fitness of the generation solution 6: 0.547
03-Oct-22 00:08:20 
 Fitness of the generation solution 7: 0.582
03-Oct-22 00:08:38 
 Fitness of the generation solution 8: 0.582
03-Oct-22 00:08:56 
 Fitness of the generation solution 9: 0.582
03-Oct-22 00:09:15 
 Fitness of the generation solution 10: 0.582
03-Oct-22 00:09:33 
 Fitness of the generation solution 11: 0.582
03-Oct-22 00:09:52 
 Fitness of the generation solution 12: 0.582
03-Oct-22 00:10:11 
 Fitness of the generation solution 13: 0.582
03-Oct-22 00:10:30 
 Fitness of the generation solution 14: 0.582
03-Oct-22 00:10:49 
 Fitness of the generation solution 15: 0.582
03-Oct-22 00:11:09 
 Fitness of the generation solution 16: 0.582
03-Oct-22 00:11:28 
 Fitness of the generation solution 17: 0.582
03-Oct-22 00:11:47 
 Fitness of the generation solution 18: 0.582
03-Oct-22 00:12:06 
 Fitness of the generation solution 19: 0.582
03-Oct-22 00:12:25 
 Fitness of the generation solution 20: 0.582
03-Oct-22 00:12:30 
 Parameters of the best solution 
 [ 1.23971938  1.41575412 -0.91330853 -0.70923691  0.8545619  -0.05750808
  0.06860208  2.12440752  0.73302911  1.8532612  -1.32141303 -1.36993969
 -1.28239554 -0.84966171 -1.37135792 -1.3383599  -0.33246984 -1.55097181
  0.46330433  1.30554684  0.24220559]
03-Oct-22 00:12:30 
 Fitness value of the best solution(f1) 
  0.582
