04-Oct-22 00:41:02 
 O tempo de fitness é:2.9227516651153564
04-Oct-22 00:41:12 
 Parameters of the pesos 
 [1. 1. 1. 1. 1. 1. 1. 1. 1. 1. 1. 1. 1. 1. 1. 1. 1. 1. 1. 1. 1.]
04-Oct-22 00:41:22 
 Fitness of the generation solution 1: 0.538
04-Oct-22 00:41:26 
 O tempo de fitness é:26.928995847702026
04-Oct-22 00:41:36 
 Parameters of the pesos 
 [1. 1. 1. 1. 1. 1. 1. 1. 1. 1. 1. 1. 1. 1. 1. 1. 1. 1. 1. 1. 1.]
04-Oct-22 00:41:46 
 Fitness of the generation solution 2: 0.538
04-Oct-22 00:41:50 
 O tempo de fitness é:50.763423204422
04-Oct-22 00:41:59 
 Parameters of the pesos 
 [-1.32021167  1.          1.          1.          1.          1.
  1.          0.63255428  1.50193087  1.29999376  1.          0.93520235
  1.          1.          1.          1.16583323  1.          1.
  1.          1.          1.        ]
04-Oct-22 00:42:08 
 Fitness of the generation solution 3: 0.554
04-Oct-22 00:42:13 
 Parameters of the best solution 
 [-1.32021167  1.          1.          1.          1.          1.
  1.          0.63255428  1.50193087  1.29999376  1.          0.93520235
  1.          1.          1.          1.16583323  1.          1.
  1.          1.          1.        ]
04-Oct-22 00:42:13 
 Fitness value of the best solution(f1) 
  0.554
04-Oct-22 00:42:13 
 O tempo medio foi: 26.928995847702026 Segundos
04-Oct-22 00:42:13 
 [[248 239]
 [226 287]]
04-Oct-22 00:42:13 
               precision    recall  f1-score   support

         0.0       0.52      0.51      0.52       487
         1.0       0.55      0.56      0.55       513

    accuracy                           0.54      1000
   macro avg       0.53      0.53      0.53      1000
weighted avg       0.53      0.54      0.53      1000

04-Oct-22 00:42:13 
 0.535
04-Oct-22 00:42:13 
 Predicted output based on the best solution : 0.535
