03-Oct-22 01:40:00 
 O tempo de fitness é:1664772000.7539747
03-Oct-22 01:40:10 
 Parameters of the pesos 
 [ 0.03335942 -0.78689332 -0.63880495  0.99235247  0.87598718  0.95276576
 -0.41961116 -0.1641552  -0.33133243  0.85365899 -0.11955271 -0.60043943
 -0.07588766  0.34271413 -0.88986738  0.34811155  0.91231394 -0.88035846
  0.27334402  0.40354021  0.26131117]
03-Oct-22 01:40:20 
 Fitness of the generation solution 1: 0.528
03-Oct-22 01:40:25 
 O tempo de fitness é:1664772025.242618
03-Oct-22 01:40:34 
 Parameters of the pesos 
 [ 0.32405196  0.98622961  0.75550562  0.5394725  -0.38035009  0.0241227
  1.41261427  0.93198883 -0.15210497 -0.34865109 -0.2934088  -0.51522535
 -0.45848915 -0.18898332 -0.2693987  -0.22694199  0.24466049  1.83441278
  0.26016809  0.49756835  0.77803873]
03-Oct-22 01:40:44 
 Fitness of the generation solution 2: 0.53
03-Oct-22 01:40:49 
 O tempo de fitness é:1664772049.2333374
03-Oct-22 01:40:58 
 Parameters of the pesos 
 [ 0.32405196  0.98622961  0.75550562  0.5394725  -0.38035009  0.0241227
  1.41261427  0.93198883 -0.15210497 -0.34865109 -0.2934088  -0.51522535
 -0.45848915 -0.18898332 -0.2693987  -0.22694199  0.24466049  1.83441278
  0.26016809  0.49756835  0.77803873]
03-Oct-22 01:41:08 
 Fitness of the generation solution 3: 0.53
03-Oct-22 01:41:13 
 O tempo de fitness é:1664772073.3011847
03-Oct-22 01:41:22 
 Parameters of the pesos 
 [ 0.32405196  0.98622961  0.75550562  0.5394725  -0.38035009  0.0241227
  1.41261427  0.93198883 -0.15210497 -0.34865109 -0.2934088  -0.51522535
 -0.45848915 -0.18898332 -0.2693987  -0.22694199  0.24466049  1.83441278
  0.26016809  0.49756835  0.77803873]
03-Oct-22 01:41:32 
 Fitness of the generation solution 4: 0.53
03-Oct-22 01:41:37 
 O tempo de fitness é:1664772097.316418
03-Oct-22 01:41:46 
 Parameters of the pesos 
 [ 0.32405196  0.98622961  0.75550562  0.5394725  -0.38035009  0.0241227
  1.41261427  0.93198883 -0.15210497 -0.34865109 -0.2934088  -0.51522535
 -0.45848915 -0.18898332 -0.2693987  -0.22694199  0.24466049  1.83441278
  0.26016809  0.49756835  0.77803873]
03-Oct-22 01:41:56 
 Fitness of the generation solution 5: 0.53
03-Oct-22 01:42:01 
 O tempo de fitness é:1664772121.4338176
03-Oct-22 01:42:10 
 Parameters of the pesos 
 [ 0.14477533  1.48402336  1.23229563  0.10264097 -0.37533708  0.20968047
 -0.40455072  1.55865196  1.49204011 -0.0846655  -1.60568841  0.33305372
  1.06465388 -1.1673224  -0.52251563 -0.31678618 -1.45484405  3.30918772
  0.72142116 -1.76799163  0.89516511]
03-Oct-22 01:42:19 
 Fitness of the generation solution 6: 0.552
03-Oct-22 01:42:24 
 O tempo de fitness é:1664772144.0245261
03-Oct-22 01:42:33 
 Parameters of the pesos 
 [ 0.14477533  1.48402336  1.23229563  0.10264097 -0.37533708  0.20968047
 -0.40455072  1.55865196  1.49204011 -0.0846655  -1.60568841  0.33305372
  1.06465388 -1.1673224  -0.52251563 -0.31678618 -1.45484405  3.30918772
  0.72142116 -1.76799163  0.89516511]
03-Oct-22 01:42:43 
 Fitness of the generation solution 7: 0.552
03-Oct-22 01:42:48 
 O tempo de fitness é:1664772168.1100407
03-Oct-22 01:42:57 
 Parameters of the pesos 
 [-0.84735546  1.48402336  1.23229563  0.10264097 -0.37533708  0.20968047
 -0.40455072  1.9834194   1.49204011 -0.0846655  -1.98386902  0.33305372
  0.17253702 -1.3245675  -0.52251563 -0.31678618 -1.45484405  3.30918772
  0.72142116 -2.13345547  0.89516511]
03-Oct-22 01:43:06 
 Fitness of the generation solution 8: 0.559
03-Oct-22 01:43:10 
 O tempo de fitness é:1664772190.7365375
03-Oct-22 01:43:20 
 Parameters of the pesos 
 [-0.84735546  1.48402336  1.23229563  0.10264097 -0.37533708  0.20968047
 -0.40455072  1.9834194   1.49204011 -0.0846655  -1.98386902  0.33305372
  0.17253702 -1.3245675  -0.52251563 -0.31678618 -1.45484405  3.30918772
  0.72142116 -2.13345547  0.89516511]
03-Oct-22 01:43:30 
 Fitness of the generation solution 9: 0.559
03-Oct-22 01:43:34 
 O tempo de fitness é:1664772214.8782806
03-Oct-22 01:43:43 
 Parameters of the pesos 
 [-0.84735546  1.48402336  1.23229563  0.10264097 -0.37533708  0.20968047
 -0.40455072  1.9834194   1.49204011 -0.0846655  -1.98386902  0.33305372
  0.17253702 -1.3245675  -0.52251563 -0.31678618 -1.45484405  3.30918772
  0.72142116 -2.13345547  0.89516511]
03-Oct-22 01:43:52 
 Fitness of the generation solution 10: 0.559
03-Oct-22 01:43:57 
 O tempo de fitness é:1664772237.5266907
03-Oct-22 01:44:07 
 Parameters of the pesos 
 [ 0.28706618  1.00092052  1.23229563  0.10264097 -0.560893    0.20968047
 -0.3352386   1.9834194   1.12411024  0.20135019 -2.33072592  0.33305372
  0.17253702 -1.3245675  -0.91148626 -0.31678618 -2.10299266  4.22326863
  1.30770995 -0.05719968  0.4749862 ]
03-Oct-22 01:44:16 
 Fitness of the generation solution 11: 0.561
03-Oct-22 01:44:21 
 O tempo de fitness é:1664772261.7831733
03-Oct-22 01:44:31 
 Parameters of the pesos 
 [-0.84735546  1.48402336  1.84774939  0.8936559  -0.37533708  0.20968047
 -0.40455072  1.9834194   1.49204011  0.2736125  -1.98386902  0.33305372
  0.17253702 -1.3245675  -0.6835285  -1.22571453 -2.10299266  4.07868363
  1.30770995 -2.13345547  0.89516511]
03-Oct-22 01:44:41 
 Fitness of the generation solution 12: 0.569
03-Oct-22 01:44:46 
 O tempo de fitness é:1664772286.236158
03-Oct-22 01:44:55 
 Parameters of the pesos 
 [-0.84735546  1.48402336  1.84774939  0.8936559  -0.37533708  0.20968047
 -0.40455072  1.9834194   1.49204011  0.2736125  -1.98386902  0.33305372
  0.17253702 -1.3245675  -0.6835285  -1.22571453 -2.10299266  4.07868363
  1.30770995 -2.13345547  0.89516511]
03-Oct-22 01:45:04 
 Fitness of the generation solution 13: 0.569
03-Oct-22 01:45:09 
 O tempo de fitness é:1664772309.1363108
03-Oct-22 01:45:18 
 Parameters of the pesos 
 [ 0.54989101  3.15814997  2.12610878 -0.1453965  -0.14987574  1.92391557
 -0.3352386   1.9834194   0.64093148 -0.34865109 -0.26206657  1.5645729
  0.84128761 -1.1673224  -1.11890982 -1.22571453 -2.02294994  3.57194271
  1.30770995 -1.47881245  0.89516511]
03-Oct-22 01:45:28 
 Fitness of the generation solution 14: 0.578
03-Oct-22 01:45:33 
 O tempo de fitness é:1664772333.6246595
03-Oct-22 01:45:43 
 Parameters of the pesos 
 [ 0.54989101  3.15814997  2.12610878 -0.1453965  -0.14987574  1.92391557
 -0.3352386   1.9834194   0.64093148 -0.34865109 -0.26206657  1.5645729
  0.84128761 -1.1673224  -1.11890982 -1.22571453 -2.02294994  3.57194271
  1.30770995 -1.47881245  0.89516511]
03-Oct-22 01:45:53 
 Fitness of the generation solution 15: 0.578
03-Oct-22 01:45:58 
 O tempo de fitness é:1664772358.0814936
03-Oct-22 01:46:07 
 Parameters of the pesos 
 [ 0.54989101  3.15814997  2.12610878 -0.1453965  -0.14987574  1.92391557
 -0.3352386   1.9834194   0.64093148 -0.34865109 -0.26206657  1.5645729
  0.84128761 -1.1673224  -1.11890982 -1.22571453 -2.02294994  3.57194271
  1.30770995 -1.47881245  0.89516511]
03-Oct-22 01:46:16 
 Fitness of the generation solution 16: 0.578
03-Oct-22 01:46:21 
 O tempo de fitness é:1664772381.063096
03-Oct-22 01:46:30 
 Parameters of the pesos 
 [ 0.54989101  3.15814997  2.12610878 -0.1453965  -0.14987574  1.92391557
 -0.3352386   1.9834194   0.64093148 -0.34865109 -0.26206657  1.5645729
  0.84128761 -1.1673224  -1.11890982 -1.22571453 -2.02294994  3.57194271
  1.30770995 -1.47881245  0.89516511]
03-Oct-22 01:46:39 
 Fitness of the generation solution 17: 0.578
03-Oct-22 01:46:43 
 O tempo de fitness é:1664772403.9858367
03-Oct-22 01:46:53 
 Parameters of the pesos 
 [-0.84735546  2.17710098  0.98652756  0.20392853 -0.36594648 -0.83477533
  0.62027365  1.92789429 -0.22618139 -0.34865109 -0.26206657  1.55676959
  0.84128761 -0.17730946 -1.11890982 -1.63848887 -2.02294994  4.41870403
  1.30770995 -1.41573824  0.89516511]
03-Oct-22 01:47:02 
 Fitness of the generation solution 18: 0.587
03-Oct-22 01:47:06 
 O tempo de fitness é:1664772426.964875
03-Oct-22 01:47:16 
 Parameters of the pesos 
 [-0.84735546  2.17710098  0.98652756  0.20392853 -0.36594648 -0.83477533
  0.62027365  1.92789429 -0.22618139  0.32035171 -0.26206657  1.55676959
  1.81156256 -0.17730946 -1.56186204 -1.63848887 -2.02294994  4.37249548
  1.30770995 -1.41573824  0.1167986 ]
03-Oct-22 01:47:25 
 Fitness of the generation solution 19: 0.604
03-Oct-22 01:47:29 
 O tempo de fitness é:1664772449.9772904
03-Oct-22 01:47:39 
 Parameters of the pesos 
 [-0.84735546  2.17710098  0.98652756  0.20392853 -0.36594648 -0.83477533
  0.62027365  1.92789429 -0.22618139  0.32035171 -0.26206657  1.55676959
  1.81156256 -0.17730946 -1.56186204 -1.63848887 -2.02294994  4.37249548
  1.30770995 -1.41573824  0.1167986 ]
03-Oct-22 01:47:49 
 Fitness of the generation solution 20: 0.604
03-Oct-22 01:47:54 
 Parameters of the best solution 
 [-0.84735546  2.17710098  0.98652756  0.20392853 -0.36594648 -0.83477533
  0.62027365  1.92789429 -0.22618139  0.32035171 -0.26206657  1.55676959
  1.81156256 -0.17730946 -1.56186204 -1.63848887 -2.02294994  4.37249548
  1.30770995 -1.41573824  0.1167986 ]
03-Oct-22 01:47:54 
 Fitness value of the best solution(f1) 
  0.604
