06-Oct-22 03:58:04 
 O tempo de fitness é:4.290806293487549
06-Oct-22 05:51:11 
 Parameters of the pesos 
 [1. 1. 1. 1. 1. 1. 1. 1. 1. 1. 1. 1. 1. 1. 1. 1. 1. 1. 1. 1. 1.]
06-Oct-22 07:44:09 
 Fitness of the generation solution 1: 0.6127970226166619
06-Oct-22 08:40:35 
 O tempo de fitness é:35.79034781455994
06-Oct-22 10:33:36 
 Parameters of the pesos 
 [1. 1. 1. 1. 1. 1. 1. 1. 1. 1. 1. 1. 1. 1. 1. 1. 1. 1. 1. 1. 1.]
06-Oct-22 12:21:31 
 Fitness of the generation solution 2: 0.6127970226166619
06-Oct-22 13:12:19 
 O tempo de fitness é:19.765706300735474
06-Oct-22 14:54:10 
 Parameters of the pesos 
 [-0.88890096 -0.77617792 -1.85958163 -0.25098431  0.32828998  1.03645717
 -1.3874665   0.75302372  1.16212757 -0.90603931  1.29866729  0.76525479
 -1.26583162  0.38113178 -0.78377963 -0.51171334  0.63700531  1.59522828
  0.1011432  -0.52777184 -1.64519205]
06-Oct-22 16:35:52 
 Fitness of the generation solution 3: 0.6145147437732608
06-Oct-22 17:27:01 
 O tempo de fitness é:1.2094683647155762
06-Oct-22 19:09:10 
 Parameters of the pesos 
 [-0.88890096 -0.77617792 -1.85958163 -0.25098431  0.32828998  1.03645717
 -1.3874665   0.75302372  1.16212757 -0.90603931  1.29866729  0.76525479
 -1.26583162  0.38113178 -0.78377963 -0.51171334  0.63700531  1.59522828
  0.1011432  -0.52777184 -1.64519205]
06-Oct-22 20:51:11 
 Fitness of the generation solution 4: 0.6145147437732608
06-Oct-22 21:42:16 
 O tempo de fitness é:16.451011657714844
