03-Oct-22 00:36:32 
 Parameters of the best solution 
 [ 1.          0.81815889  1.          1.          1.          1.
  1.          1.          1.          1.          1.          1.
  1.7646333   1.          1.          1.          1.32496348 -0.10657553
  0.56638433 -0.70300986  0.43135256]
03-Oct-22 00:36:41 
 Fitness of the generation solution 1: 0.524
03-Oct-22 00:36:55 
 Parameters of the best solution 
 [ 0.24919051 -1.05309894  0.0850562  -0.09150735 -0.96627813  0.8332114
  0.23093959  0.49047374  1.61444763  0.79453471  1.19459702  0.97136537
 -0.79449398 -0.06624426  0.85800921  0.6243634   1.01924744 -0.94176641
  0.55930431  0.34203219  0.11048172]
03-Oct-22 00:37:04 
 Fitness of the generation solution 2: 0.54
03-Oct-22 00:37:18 
 Parameters of the best solution 
 [ 0.24919051 -1.05309894  0.0850562  -0.09150735 -0.96627813  0.8332114
  0.23093959  0.49047374  1.61444763  0.79453471  1.19459702  0.97136537
 -0.79449398 -0.06624426  0.85800921  0.6243634   1.01924744 -0.94176641
  0.55930431  0.34203219  0.11048172]
03-Oct-22 00:37:27 
 Fitness of the generation solution 3: 0.54
03-Oct-22 00:37:41 
 Parameters of the best solution 
 [ 0.24919051 -1.05309894  0.0850562  -0.09150735 -0.96627813  0.8332114
  0.23093959  0.49047374  1.61444763  0.79453471  1.19459702  0.97136537
 -0.79449398 -0.06624426  0.85800921  0.6243634   1.01924744 -0.94176641
  0.55930431  0.34203219  0.11048172]
03-Oct-22 00:37:50 
 Fitness of the generation solution 4: 0.54
03-Oct-22 00:38:04 
 Parameters of the best solution 
 [ 1.          0.81815889  1.          0.38042234  1.          0.05371899
  0.532702    0.63287535  0.97440587 -0.29846476  2.01754185  2.45406447
 -0.79449398 -0.44742143 -1.73924169  0.35057517 -1.45557578 -0.53057122
 -0.4923772  -0.68398895 -0.19542783]
03-Oct-22 00:38:14 
 Fitness of the generation solution 5: 0.55
03-Oct-22 00:38:28 
 Parameters of the best solution 
 [ 0.4418786   0.56298072  1.          0.95414394  2.25694622  1.
  0.20754464  1.54517119  1.          1.04218291  1.          1.45168924
  1.7646333   0.06069766 -1.73924169 -0.03124173 -1.70813065 -0.60293016
 -0.4923772  -0.46660279 -0.19542783]
03-Oct-22 00:38:38 
 Fitness of the generation solution 6: 0.553
03-Oct-22 00:38:52 
 Parameters of the best solution 
 [ 0.4418786   0.56298072  1.          0.95414394  2.25694622  1.
  0.20754464  1.54517119  1.          1.04218291  1.          1.45168924
  1.7646333   0.06069766 -1.73924169 -0.03124173 -1.70813065 -0.60293016
 -0.4923772  -0.46660279 -0.19542783]
03-Oct-22 00:39:02 
 Fitness of the generation solution 7: 0.553
03-Oct-22 00:39:16 
 Parameters of the best solution 
 [ 0.4418786   0.56298072  1.          0.95414394  2.25694622  1.
  0.20754464  1.54517119  1.          1.04218291  1.          1.45168924
  1.7646333   0.06069766 -1.73924169 -0.03124173 -1.70813065 -0.60293016
 -0.4923772  -0.46660279 -0.19542783]
03-Oct-22 00:39:25 
 Fitness of the generation solution 8: 0.553
03-Oct-22 00:39:39 
 Parameters of the best solution 
 [ 0.4418786   0.56298072  1.          0.95414394  2.25694622  1.
  0.20754464  1.54517119  1.          1.04218291  1.          1.45168924
  1.7646333   0.06069766 -1.73924169 -0.03124173 -1.70813065 -0.60293016
 -0.4923772  -0.46660279 -0.19542783]
03-Oct-22 00:39:48 
 Fitness of the generation solution 9: 0.553
03-Oct-22 00:40:02 
 Parameters of the best solution 
 [ 1.19464118  0.56298072  1.          0.95414394  2.25694622  1.
  0.20754464  2.39567912  1.          1.98745156  1.          2.26321132
  1.7646333   0.06069766 -1.73924169 -0.03124173 -1.05775894 -1.38453714
 -0.46674066 -0.43802618 -0.19542783]
03-Oct-22 00:40:11 
 Fitness of the generation solution 10: 0.575
03-Oct-22 00:40:25 
 Parameters of the best solution 
 [ 1.19750761  1.69696672  1.          0.38042234 -0.30937767 -0.32138329
  0.21176868  0.14422476  0.97440587 -0.29846476  2.56482159  2.32738736
 -0.56607228  0.06601956 -2.35419182 -0.17832499 -1.65848346 -0.79801127
  0.81052757 -0.68398895 -0.02870257]
03-Oct-22 00:40:35 
 Fitness of the generation solution 11: 0.588
03-Oct-22 00:40:49 
 Parameters of the best solution 
 [ 1.19750761  1.69696672  1.          0.38042234 -0.30937767 -0.32138329
  0.21176868  0.14422476  0.97440587 -0.29846476  2.56482159  2.32738736
 -0.56607228  0.06601956 -2.35419182 -0.17832499 -1.65848346 -0.79801127
  0.81052757 -0.68398895 -0.02870257]
03-Oct-22 00:40:58 
 Fitness of the generation solution 12: 0.588
03-Oct-22 00:41:12 
 Parameters of the best solution 
 [ 1.19750761  1.69696672  1.          0.38042234 -0.30937767 -0.32138329
  0.21176868  0.14422476  0.97440587 -0.29846476  2.56482159  2.32738736
 -0.56607228  0.06601956 -2.35419182 -0.17832499 -1.65848346 -0.79801127
  0.81052757 -0.68398895 -0.02870257]
03-Oct-22 00:41:22 
 Fitness of the generation solution 13: 0.588
03-Oct-22 00:41:36 
 Parameters of the best solution 
 [ 1.19750761  1.69696672  1.          0.38042234 -0.30937767 -0.32138329
  0.21176868  0.14422476  0.97440587 -0.29846476  2.56482159  2.32738736
 -0.56607228  0.06601956 -2.35419182 -0.17832499 -1.65848346 -0.79801127
  0.81052757 -0.68398895 -0.02870257]
03-Oct-22 00:41:45 
 Fitness of the generation solution 14: 0.588
03-Oct-22 00:41:59 
 Parameters of the best solution 
 [ 1.19750761  1.69696672  1.          0.38042234 -0.30937767 -0.32138329
  0.21176868  0.14422476  0.97440587 -0.29846476  2.56482159  2.32738736
 -0.56607228  0.06601956 -2.35419182 -0.17832499 -1.65848346 -0.79801127
  0.81052757 -0.68398895 -0.02870257]
03-Oct-22 00:42:09 
 Fitness of the generation solution 15: 0.588
03-Oct-22 00:42:24 
 Parameters of the best solution 
 [ 1.19750761  1.69696672  1.          0.38042234 -0.30937767 -0.32138329
  0.21176868  0.14422476  0.97440587 -0.29846476  2.56482159  2.32738736
 -0.56607228  0.06601956 -2.35419182 -0.17832499 -1.65848346 -0.79801127
  0.81052757 -0.68398895 -0.02870257]
03-Oct-22 00:42:33 
 Fitness of the generation solution 16: 0.588
03-Oct-22 00:42:47 
 Parameters of the best solution 
 [ 1.19750761  1.69696672  1.          0.38042234 -0.30937767 -0.32138329
  0.21176868  0.14422476  0.97440587 -0.29846476  2.56482159  2.32738736
 -0.56607228  0.06601956 -2.35419182 -0.17832499 -1.65848346 -0.79801127
  0.81052757 -0.68398895 -0.02870257]
03-Oct-22 00:42:57 
 Fitness of the generation solution 17: 0.588
03-Oct-22 00:43:11 
 Parameters of the best solution 
 [ 1.87991814  2.07158754  1.54744164  1.66124602  2.22970697  1.36058735
  0.96915699  1.09645548  1.61203607  1.80291364  1.63699324  3.19621035
 -1.44709007 -0.90437898 -2.25259889 -1.68883915 -1.65848346  0.07179762
  0.08717099 -0.38258767  0.09787217]
03-Oct-22 00:43:21 
 Fitness of the generation solution 18: 0.597
03-Oct-22 00:43:35 
 Parameters of the best solution 
 [ 1.87991814  2.07158754  1.54744164  1.66124602  2.22970697  1.36058735
  0.96915699  1.09645548  1.61203607  1.80291364  1.63699324  3.19621035
 -1.44709007 -0.90437898 -2.25259889 -1.68883915 -1.65848346  0.07179762
  0.08717099 -0.38258767  0.09787217]
03-Oct-22 00:43:44 
 Fitness of the generation solution 19: 0.597
03-Oct-22 00:43:58 
 Parameters of the best solution 
 [ 1.87595423  2.16025337  1.54744164  1.66124602  2.22970697  1.36058735
  0.96915699  1.09645548  2.11073159  2.46262299  1.81139347  3.19621035
 -1.44709007 -1.3905724  -2.25259889 -1.68883915 -1.65848346  0.07179762
  0.08717099 -0.38258767  0.09787217]
03-Oct-22 00:44:08 
 Fitness of the generation solution 20: 0.6
03-Oct-22 00:44:13 
 Parameters of the best solution 
 [ 1.87595423  2.16025337  1.54744164  1.66124602  2.22970697  1.36058735
  0.96915699  1.09645548  2.11073159  2.46262299  1.81139347  3.19621035
 -1.44709007 -1.3905724  -2.25259889 -1.68883915 -1.65848346  0.07179762
  0.08717099 -0.38258767  0.09787217]
03-Oct-22 00:44:13 
 Fitness value of the best solution(f1) 
  0.6
