03-Oct-22 02:45:53 
 O tempo de fitness é:53.534165143966675
03-Oct-22 02:46:02 
 Parameters of the pesos 
 [ 1.          1.          1.          1.          1.         -0.10249833
  0.52292534 -0.99529823 -0.68309185 -0.16897234  0.99839122 -0.80969042
  0.90171779 -0.53919753 -0.09089069 -0.8787246   1.12619934 -0.53362631
  0.21287415 -0.09273819 -0.70696293]
03-Oct-22 02:46:11 
 Fitness of the generation solution 1: 0.543
03-Oct-22 02:46:15 
 O tempo de fitness é:15.744883298873901
03-Oct-22 02:46:24 
 Parameters of the pesos 
 [ 1.          1.          1.          1.          1.         -0.10249833
  0.61183175 -0.99529823 -1.53126852 -0.16897234  0.99839122 -1.23973371
  0.90171779  0.2008308  -0.59617684 -0.67292771  0.87384334  0.20600114
 -0.41257486 -0.66651476 -0.96357854]
03-Oct-22 02:46:33 
 Fitness of the generation solution 2: 0.547
03-Oct-22 02:46:38 
 O tempo de fitness é:38.404654026031494
03-Oct-22 02:46:47 
 Parameters of the pesos 
 [-0.13176524 -0.36390245 -0.79617901  0.39656136  0.16401037 -1.11069704
 -0.56656471 -0.99529823  0.74260187  0.07326181  0.99839122  0.18125275
  0.4184473  -0.10641459 -0.52599146 -0.67292771  0.36615869  1.34993952
  0.57245436 -0.98151716 -0.06518708]
03-Oct-22 02:46:56 
 Fitness of the generation solution 3: 0.556
03-Oct-22 02:47:00 
 O tempo de fitness é:0.5685303211212158
03-Oct-22 02:47:09 
 Parameters of the pesos 
 [-7.51945236e-02  4.52749948e-01 -7.61099198e-01  3.96561360e-01
 -2.67583481e-04 -1.11069704e+00 -5.66564706e-01 -1.05763640e-01
  8.89849188e-01  2.41929983e+00  5.63259016e-02 -2.48778973e-01
 -6.87320582e-01  8.68856441e-03  9.82516610e-01 -3.16910484e-01
 -9.81233260e-01 -4.26001404e-01  1.12361231e+00 -9.81517155e-01
 -6.51870763e-02]
03-Oct-22 02:47:18 
 Fitness of the generation solution 4: 0.56
03-Oct-22 02:47:22 
 O tempo de fitness é:22.662888050079346
03-Oct-22 02:47:32 
 Parameters of the pesos 
 [-0.13176524 -0.36390245 -1.63188976  0.39656136  0.16401037 -1.72620206
 -0.56656471 -1.3431356   1.56604806  1.72712922  1.0531286  -2.25758173
 -0.57592462 -0.53919753 -0.41863022 -0.97517612  0.87384334  0.90396773
  0.23740321 -0.71774622 -0.18928144]
03-Oct-22 02:47:41 
 Fitness of the generation solution 5: 0.566
03-Oct-22 02:47:46 
 O tempo de fitness é:46.39201021194458
03-Oct-22 02:47:55 
 Parameters of the pesos 
 [ 1.          2.32353718  1.90345244  1.          1.3753709  -0.10249833
  0.48327537 -0.99529823 -1.53126852  1.72712922  0.76242327  0.17108738
 -0.68732058  0.00868856  1.92567881 -0.86019069 -0.98123326 -0.13623767
 -0.18968976 -1.79491462 -0.96357854]
03-Oct-22 02:48:05 
 Fitness of the generation solution 6: 0.567
03-Oct-22 02:48:10 
 O tempo de fitness é:10.104286670684814
03-Oct-22 02:48:18 
 Parameters of the pesos 
 [ 1.          2.32353718  1.90345244  1.          1.3753709  -1.02359908
  0.48327537 -0.99529823 -1.84029988  2.41824738  0.76242327  0.17108738
 -1.40665448  0.00868856  1.92567881 -0.86019069 -0.98123326 -0.13623767
 -0.18968976 -1.79491462 -1.02632468]
03-Oct-22 02:48:27 
 Fitness of the generation solution 7: 0.583
03-Oct-22 02:48:32 
 O tempo de fitness é:32.15078282356262
03-Oct-22 02:48:41 
 Parameters of the pesos 
 [ 1.          2.32353718  1.90345244  1.          1.3753709  -1.02359908
  0.48327537 -0.99529823 -1.84029988  2.41824738  0.76242327  0.17108738
 -1.40665448  0.00868856  1.92567881 -0.86019069 -0.98123326 -0.13623767
 -0.18968976 -1.79491462 -1.02632468]
03-Oct-22 02:48:50 
 Fitness of the generation solution 8: 0.583
03-Oct-22 02:48:55 
 O tempo de fitness é:55.69209003448486
03-Oct-22 02:49:05 
 Parameters of the pesos 
 [ 1.          2.32353718  1.90345244  1.          1.3753709  -1.02359908
  0.48327537 -0.99529823 -1.84029988  2.41824738  0.76242327  0.17108738
 -1.40665448  0.00868856  1.92567881 -0.86019069 -0.98123326 -0.13623767
 -0.18968976 -1.79491462 -1.02632468]
03-Oct-22 02:49:14 
 Fitness of the generation solution 9: 0.583
03-Oct-22 02:49:19 
 O tempo de fitness é:19.192466497421265
03-Oct-22 02:49:27 
 Parameters of the pesos 
 [ 1.          2.32353718  2.89325649  1.          1.3753709  -1.02359908
  0.48327537 -0.99529823 -1.84029988  2.41824738  0.93547225  0.17108738
 -2.02480163  0.00868856  1.92567881 -0.86019069 -0.98123326 -0.78003284
 -0.73279646 -0.97100533  0.16177574]
03-Oct-22 02:49:36 
 Fitness of the generation solution 10: 0.59
03-Oct-22 02:49:41 
 O tempo de fitness é:41.25422286987305
03-Oct-22 02:49:50 
 Parameters of the pesos 
 [ 1.          2.32353718  2.89325649  1.          1.3753709  -1.02359908
  0.48327537 -0.99529823 -1.84029988  2.41824738  0.93547225  0.17108738
 -2.02480163  0.00868856  1.92567881 -0.86019069 -0.98123326 -0.78003284
 -0.73279646 -0.97100533  0.16177574]
03-Oct-22 02:49:58 
 Fitness of the generation solution 11: 0.59
03-Oct-22 02:50:03 
 O tempo de fitness é:3.3388116359710693
03-Oct-22 02:50:12 
 Parameters of the pesos 
 [ 1.          2.01076341  2.89325649  1.          0.57725095 -1.02359908
  0.48327537 -1.06509735 -2.32780719  2.41824738  0.0563259  -0.81901945
 -1.09008251 -0.46286781  2.49006664 -0.86019069 -1.53030691  0.36701258
 -0.0667817  -1.77473636 -0.39837313]
03-Oct-22 02:50:22 
 Fitness of the generation solution 12: 0.599
03-Oct-22 02:50:27 
 O tempo de fitness é:27.35551905632019
03-Oct-22 02:50:36 
 Parameters of the pesos 
 [ 1.          2.01076341  2.89325649  1.          0.57725095 -1.02359908
  0.48327537 -1.06509735 -2.32780719  2.41824738  0.0563259  -0.81901945
 -1.09008251 -0.46286781  2.49006664 -0.86019069 -1.53030691  0.36701258
 -0.0667817  -1.77473636 -0.39837313]
03-Oct-22 02:50:46 
 Fitness of the generation solution 13: 0.599
03-Oct-22 02:50:51 
 O tempo de fitness é:51.162375926971436
03-Oct-22 02:51:00 
 Parameters of the pesos 
 [ 1.          2.01076341  2.89325649  1.          0.57725095 -1.02359908
  0.48327537 -1.06509735 -2.32780719  2.41824738  0.0563259  -0.81901945
 -1.09008251 -0.46286781  2.49006664 -0.86019069 -1.53030691  0.36701258
 -0.0667817  -1.77473636 -0.39837313]
03-Oct-22 02:51:09 
 Fitness of the generation solution 14: 0.599
03-Oct-22 02:51:13 
 O tempo de fitness é:13.518524408340454
03-Oct-22 02:51:22 
 Parameters of the pesos 
 [ 1.19142238  2.32353718  2.89325649  1.17305332  1.45705267 -1.02359908
 -0.39585198 -0.99529823 -1.87548483  2.85654546  0.45148892  0.95459464
 -1.03373097  0.00868856  2.59871931 -3.79674365  1.3692488   0.49388617
 -1.25411168 -2.00764883  0.30903304]
03-Oct-22 02:51:31 
 Fitness of the generation solution 15: 0.603
03-Oct-22 02:51:35 
 O tempo de fitness é:35.96612286567688
03-Oct-22 02:51:45 
 Parameters of the pesos 
 [ 1.19142238  2.32353718  2.89325649  1.17305332  1.45705267 -1.02359908
 -0.39585198 -0.99529823 -1.87548483  2.85654546  0.45148892  0.95459464
 -1.03373097  0.00868856  2.59871931 -3.79674365  1.3692488   0.49388617
 -1.25411168 -2.00764883  0.30903304]
03-Oct-22 02:51:54 
 Fitness of the generation solution 16: 0.603
03-Oct-22 02:51:58 
 O tempo de fitness é:58.82037854194641
03-Oct-22 02:52:07 
 Parameters of the pesos 
 [ 1.19142238  2.32353718  2.89325649  1.17305332  1.18342839 -1.02359908
 -0.39585198 -0.99529823 -1.87548483  2.85654546  0.45148892  0.95459464
 -1.03373097  0.00868856  2.88012665 -3.79674365  1.3692488   0.49388617
 -0.934606   -1.24444183 -0.09162828]
03-Oct-22 02:52:16 
 Fitness of the generation solution 17: 0.605
03-Oct-22 02:52:21 
 O tempo de fitness é:21.459750652313232
03-Oct-22 02:52:30 
 Parameters of the pesos 
 [ 1.19142238  2.32353718  2.89325649  1.17305332  1.18342839 -1.02359908
 -0.39585198 -0.99529823 -1.87548483  2.85654546  0.45148892  0.95459464
 -1.03373097  0.00868856  2.88012665 -3.79674365  1.3692488   0.49388617
 -0.934606   -1.24444183 -0.09162828]
03-Oct-22 02:52:39 
 Fitness of the generation solution 18: 0.605
03-Oct-22 02:52:44 
 O tempo de fitness é:44.42206382751465
03-Oct-22 02:52:54 
 Parameters of the pesos 
 [ 1.19142238  2.32353718  2.89325649  1.17305332  1.18342839 -1.02359908
 -0.39585198 -0.99529823 -1.87548483  2.85654546  0.45148892  0.95459464
 -1.03373097  0.00868856  2.88012665 -3.79674365  1.3692488   0.49388617
 -0.934606   -1.24444183 -0.09162828]
03-Oct-22 02:53:03 
 Fitness of the generation solution 19: 0.605
03-Oct-22 02:53:08 
 O tempo de fitness é:8.702398300170898
03-Oct-22 02:53:18 
 Parameters of the pesos 
 [ 1.19142238  2.32353718  2.89325649  1.17305332  1.18342839 -0.37239019
 -0.55042631 -1.45823618 -1.87548483  2.85654546  0.45148892  0.95459464
 -0.30983436  0.00868856  3.30628441 -4.1754575   1.3692488   0.76943009
 -1.60511075 -2.47131035  0.48844835]
03-Oct-22 02:53:28 
 Fitness of the generation solution 20: 0.605
03-Oct-22 02:53:33 
 Parameters of the best solution 
 [ 1.19142238  2.32353718  2.89325649  1.17305332  1.18342839 -0.37239019
 -0.55042631 -1.45823618 -1.87548483  2.85654546  0.45148892  0.95459464
 -0.30983436  0.00868856  3.30628441 -4.1754575   1.3692488   0.76943009
 -1.60511075 -2.47131035  0.48844835]
03-Oct-22 02:53:33 
 Fitness value of the best solution(f1) 
  0.605
03-Oct-22 02:53:33 
 O tempo medio foi: 29.753150939941406 Segundos
