03-Oct-22 04:44:39 
 O tempo de fitness é:39.52894449234009
03-Oct-22 06:29:13 
 Parameters of the pesos 
 [1. 1. 1. 1. 1. 1. 1. 1. 1. 1. 1. 1. 1. 1. 1. 1. 1. 1. 1. 1. 1.]
03-Oct-22 08:13:46 
 Fitness of the generation solution 1: 0.6127970226166619
03-Oct-22 09:05:54 
 O tempo de fitness é:54.48201394081116
03-Oct-22 10:43:20 
 Parameters of the pesos 
 [ 1.          1.          1.          1.          1.          0.92297589
  1.          1.          1.          0.66269017  1.96641755  1.
  1.          1.          1.          1.          1.24577328 -0.22857259
 -0.38730844  1.30605115  0.86024861]
03-Oct-22 12:20:58 
 Fitness of the generation solution 2: 0.6190953335241912
03-Oct-22 13:09:51 
 O tempo de fitness é:51.06304669380188
03-Oct-22 14:54:15 
 Parameters of the pesos 
 [ 1.          1.          1.          1.          1.          0.92297589
  1.          1.          1.          0.66269017  1.96641755  1.
  1.          1.          1.          1.          1.24577328 -0.22857259
 -0.38730844  1.30605115  0.86024861]
03-Oct-22 16:38:42 
 Fitness of the generation solution 3: 0.6190953335241912
03-Oct-22 17:30:43 
 O tempo de fitness é:43.83786606788635
03-Oct-22 19:15:50 
 Parameters of the pesos 
 [ 1.          1.          1.          1.          1.          0.92297589
  1.          1.          1.          0.66269017  1.96641755  1.
  1.          1.          1.          1.          1.24577328 -0.22857259
 -0.38730844  1.30605115  0.86024861]
03-Oct-22 21:00:33 
 Fitness of the generation solution 4: 0.6190953335241912
03-Oct-22 21:52:32 
 O tempo de fitness é:32.69938039779663
03-Oct-22 23:30:37 
 Parameters of the pesos 
 [ 1.          1.          1.          1.          1.          0.92297589
  1.          1.          1.          0.66269017  1.96641755  1.
  1.          1.          1.          1.          1.24577328 -0.22857259
 -0.38730844  1.30605115  0.86024861]
