03-Oct-22 02:54:13 
 O tempo de fitness é:13.765023946762085
03-Oct-22 02:54:22 
 Parameters of the pesos 
 [-0.91950811 -0.65795911 -0.21315903 -0.55891279 -0.07423501 -0.83380792
 -0.5531508  -0.48068626  0.83811767 -0.09641848  0.57699602  0.62242581
 -1.11087286  0.14880984  0.97925493  0.17925196  0.38843677 -0.31319884
 -0.18465425 -0.35400332 -0.20420299]
03-Oct-22 02:54:31 
 Fitness of the generation solution 1: 0.548
03-Oct-22 02:54:36 
 O tempo de fitness é:36.54182291030884
03-Oct-22 02:54:46 
 Parameters of the pesos 
 [-0.91950811 -0.65795911 -0.21315903 -0.55891279 -0.07423501 -0.83380792
 -0.5531508  -0.48068626  0.83811767 -0.09641848  0.57699602  0.62242581
 -1.11087286  0.14880984  0.97925493  0.17925196  0.38843677 -0.31319884
 -0.18465425 -0.35400332 -0.20420299]
03-Oct-22 02:54:55 
 Fitness of the generation solution 2: 0.548
03-Oct-22 02:55:00 
 Parameters of the best solution 
 [-0.91950811 -0.65795911 -0.21315903 -0.55891279 -0.07423501 -0.83380792
 -0.5531508  -0.48068626  0.83811767 -0.09641848  0.57699602  0.62242581
 -1.11087286  0.14880984  0.97925493  0.17925196  0.38843677 -0.31319884
 -0.18465425 -0.35400332 -0.20420299]
03-Oct-22 02:55:00 
 Fitness value of the best solution(f1) 
  0.548
03-Oct-22 02:55:00 
 O tempo medio foi: 25.15342342853546 Segundos
