03-Oct-22 01:57:12 
 O tempo de fitness é:1664773032.8461864
03-Oct-22 01:57:22 
 Parameters of the pesos 
 [ 0.41209812  0.36875547 -0.54029371  0.26577276  0.38770278 -0.02511301
 -0.85850425 -0.72850529 -0.02072167 -0.34439056  0.80335743 -0.0105759
  0.98372842  0.72996938  0.66390612 -0.28556862 -0.71361541  0.53862047
  0.41031612  0.32764837  0.22043288]
03-Oct-22 01:57:32 
 Fitness of the generation solution 1: 0.526
03-Oct-22 01:57:37 
 O tempo de fitness é:1664773057.3584282
03-Oct-22 01:57:46 
 Parameters of the pesos 
 [ 0.41209812  0.64516396 -0.6133883  -0.6878539   1.01987817 -0.21791466
 -0.20502775 -0.11365082  0.54998881  0.11481428 -1.72468617 -0.30198338
  0.68966721  0.29163651  0.24473996  0.39918089 -1.24416894 -0.21409527
  0.47481352 -0.81587685 -0.03922681]
03-Oct-22 01:57:55 
 Fitness of the generation solution 2: 0.535
03-Oct-22 01:58:00 
 O tempo de fitness é:1664773080.5691946
03-Oct-22 01:58:10 
 Parameters of the pesos 
 [ 0.41209812  0.64516396 -0.6133883  -0.6878539   1.01987817 -0.21791466
 -0.20502775 -0.11365082  0.54998881  0.11481428 -1.72468617 -0.30198338
  0.68966721  0.29163651  0.24473996  0.39918089 -1.24416894 -0.21409527
  0.47481352 -0.81587685 -0.03922681]
03-Oct-22 01:58:20 
 Fitness of the generation solution 3: 0.535
03-Oct-22 01:58:25 
 O tempo de fitness é:1664773105.3100967
03-Oct-22 01:58:35 
 Parameters of the pesos 
 [ 0.5748448   2.10726689 -0.23822823  1.11329452 -0.83298684 -0.02511301
 -1.98887199 -1.02633824 -0.02072167 -1.24148799  0.80335743 -0.0105759
  0.98372842  0.72996938  0.07669811 -0.28556862 -0.58251874  0.53862047
  0.99714581  0.35468251 -0.40297806]
03-Oct-22 01:58:45 
 Fitness of the generation solution 4: 0.538
03-Oct-22 01:58:50 
 O tempo de fitness é:1664773130.0005982
03-Oct-22 01:59:00 
 Parameters of the pesos 
 [ 0.5748448   2.10726689 -0.23822823  1.11329452 -0.83298684 -0.02511301
 -1.98887199 -1.02633824 -0.02072167 -1.24148799  0.80335743 -0.0105759
  0.98372842  0.72996938  0.07669811 -0.28556862 -0.58251874  0.53862047
  0.99714581  0.35468251 -0.40297806]
03-Oct-22 01:59:10 
 Fitness of the generation solution 5: 0.538
03-Oct-22 01:59:15 
 O tempo de fitness é:1664773155.2900586
03-Oct-22 01:59:25 
 Parameters of the pesos 
 [ 0.97785839  1.36056295  0.85682699 -0.01236566 -1.07913377  0.32571081
 -1.14683658  1.45018306 -0.02072167 -1.07308134  0.80335743  0.0472217
  0.98372842  1.48179669  1.63966043 -0.28556862 -0.71361541 -0.01500904
  0.41031612  0.57373402 -1.25396078]
03-Oct-22 01:59:35 
 Fitness of the generation solution 6: 0.543
