03-Oct-22 01:22:26 
 Parameters of the pesos 
 [ 0.30770713 -0.83913356 -0.39457059 -0.41885173 -0.73705563 -0.32883696
  0.71806171 -0.60537722 -0.01665317 -0.92937897 -0.5628531  -0.17324657
 -0.39862972 -0.21523784 -0.96112593  0.23741268 -0.92030366  0.98611925
  0.98417836 -0.6857812   0.37309481]
03-Oct-22 01:22:36 
 Fitness of the generation solution 1: 0.526
03-Oct-22 01:22:49 
 Parameters of the pesos 
 [ 0.61312222 -1.03510147 -0.99216014 -0.04193875 -0.45584112  0.65651896
  0.51581466  0.41936642 -0.01665317 -0.92937897 -0.5628531  -1.11339956
 -0.39862972 -0.21523784 -0.96112593  0.23741268 -1.89727475  0.98611925
  0.98417836 -0.6857812   0.37309481]
03-Oct-22 01:22:59 
 Fitness of the generation solution 2: 0.529
03-Oct-22 01:23:13 
 Parameters of the pesos 
 [ 0.61312222 -1.03510147 -0.99216014 -0.04193875 -0.45584112  0.65651896
  0.51581466  0.41936642 -0.01665317 -0.92937897 -0.5628531  -1.11339956
 -0.39862972 -0.21523784 -0.96112593  0.23741268 -1.89727475  0.98611925
  0.98417836 -0.6857812   0.37309481]
03-Oct-22 01:23:22 
 Fitness of the generation solution 3: 0.529
03-Oct-22 01:23:37 
 Parameters of the pesos 
 [-0.99011815  0.27351778  0.32320041 -0.34180203  0.2306726  -0.03006357
  0.52705377  0.62311999 -0.12973053  0.12783154  0.15541565 -0.06843594
  0.24991128  0.16609888 -0.40353905  0.10527209  0.44530024 -0.56984004
 -0.70195599  0.9373176   0.75784844]
03-Oct-22 01:23:46 
 Fitness of the generation solution 4: 0.534
03-Oct-22 01:24:00 
 Parameters of the pesos 
 [-0.99011815  0.27351778  0.32320041 -0.34180203  0.2306726  -0.03006357
  0.52705377  0.62311999 -0.12973053  0.12783154  0.15541565 -0.06843594
  0.24991128  0.16609888 -0.40353905  0.10527209  0.44530024 -0.56984004
 -0.70195599  0.9373176   0.75784844]
03-Oct-22 01:24:10 
 Fitness of the generation solution 5: 0.534
03-Oct-22 01:24:23 
 Parameters of the pesos 
 [-0.99011815  0.27351778  0.32320041 -0.34180203  0.2306726  -0.03006357
  0.52705377  0.62311999 -0.12973053  0.12783154  0.15541565 -0.06843594
  0.24991128  0.16609888 -0.40353905  0.10527209  0.44530024 -0.56984004
 -0.70195599  0.9373176   0.75784844]
03-Oct-22 01:24:32 
 Fitness of the generation solution 6: 0.534
03-Oct-22 01:24:47 
 Parameters of the pesos 
 [-0.99011815  0.27351778  0.32320041 -0.34180203  0.2306726  -0.03006357
  0.52705377  0.62311999 -0.12973053  0.12783154  0.15541565 -0.06843594
  0.24991128  0.16609888 -0.40353905  0.10527209  0.44530024 -0.56984004
 -0.70195599  0.9373176   0.75784844]
03-Oct-22 01:24:56 
 Fitness of the generation solution 7: 0.534
03-Oct-22 01:25:10 
 Parameters of the pesos 
 [-0.99011815  0.27351778  0.32320041 -0.34180203  0.2306726  -0.03006357
  0.52705377  0.62311999 -0.12973053  0.12783154  0.15541565 -0.06843594
  0.24991128  0.16609888 -0.40353905  0.10527209  0.44530024 -0.56984004
 -0.70195599  0.9373176   0.75784844]
03-Oct-22 01:25:19 
 Fitness of the generation solution 8: 0.534
03-Oct-22 01:25:33 
 Parameters of the pesos 
 [-0.73448698  0.9696336  -0.80237876  1.01933418  0.36165391  0.58295891
  0.52705377  0.88391716 -0.12973053  0.12783154  0.15541565 -0.06843594
  0.24991128  0.96736522 -0.40353905  0.10527209  0.44530024 -0.56984004
 -0.39648564  1.82453063  0.75784844]
03-Oct-22 01:25:42 
 Fitness of the generation solution 9: 0.536
03-Oct-22 01:25:56 
 Parameters of the pesos 
 [ 0.84306048 -0.83913356 -2.15159909 -0.57791493  0.36165391 -0.09509271
  0.09887322  0.62311999  0.80844188  1.00516679 -1.13821707 -0.06843594
 -1.47142908 -1.31907552 -1.04012841  1.36052327 -0.26072096  1.72375291
 -1.25010624 -0.15283673  0.02141882]
03-Oct-22 01:26:05 
 Fitness of the generation solution 10: 0.554
03-Oct-22 01:26:19 
 Parameters of the pesos 
 [ 0.84306048 -0.83913356 -2.15159909 -0.57791493  0.36165391 -0.09509271
  0.09887322  0.62311999  0.80844188  1.00516679 -1.13821707 -0.06843594
 -1.47142908 -1.31907552 -1.04012841  1.36052327 -0.26072096  1.72375291
 -1.25010624 -0.15283673  0.02141882]
03-Oct-22 01:26:28 
 Fitness of the generation solution 11: 0.554
03-Oct-22 01:26:42 
 Parameters of the pesos 
 [-0.99011815  1.19750974 -0.04679973 -0.75260495  0.36165391 -0.94624097
  0.09887322  0.86224589  0.80844188  0.26573743 -1.13821707 -0.06843594
 -1.47142908 -1.31907552 -1.04012841  2.04217488 -0.26072096  1.72375291
 -1.25010624  0.40985804  0.02141882]
03-Oct-22 01:26:52 
 Fitness of the generation solution 12: 0.554
03-Oct-22 01:27:05 
 Parameters of the pesos 
 [-0.99011815  1.19750974 -0.04679973 -0.75260495  0.36165391 -0.94624097
  0.09887322  0.86224589  0.80844188  0.26573743 -1.13821707 -0.06843594
 -1.47142908 -1.31907552 -1.04012841  2.04217488 -0.26072096  1.72375291
 -1.25010624  0.40985804  0.02141882]
03-Oct-22 01:27:15 
 Fitness of the generation solution 13: 0.554
03-Oct-22 01:27:28 
 Parameters of the pesos 
 [-0.99011815  1.19750974 -0.04679973 -0.75260495  0.36165391 -0.94624097
  0.09887322  0.86224589  0.80844188  0.26573743 -1.13821707 -0.06843594
 -1.47142908 -1.31907552 -1.04012841  2.04217488 -0.26072096  1.72375291
 -1.25010624  0.40985804  0.02141882]
03-Oct-22 01:27:37 
 Fitness of the generation solution 14: 0.554
03-Oct-22 01:27:51 
 Parameters of the pesos 
 [-0.99011815  1.19750974 -0.04679973 -0.75260495  0.36165391 -0.94624097
  0.09887322  0.86224589  0.80844188  0.26573743 -1.13821707 -0.06843594
 -1.47142908 -1.31907552 -1.04012841  2.04217488 -0.26072096  1.72375291
 -1.25010624  0.40985804  0.02141882]
03-Oct-22 01:28:00 
 Fitness of the generation solution 15: 0.554
03-Oct-22 01:28:14 
 Parameters of the pesos 
 [-0.99011815  1.19750974 -0.04679973 -0.75260495  0.36165391 -0.94624097
  0.09887322  0.86224589  0.80844188  0.26573743 -1.13821707 -0.06843594
 -1.47142908 -1.31907552 -1.04012841  2.04217488 -0.26072096  1.72375291
 -1.25010624  0.40985804  0.02141882]
03-Oct-22 01:28:24 
 Fitness of the generation solution 16: 0.554
03-Oct-22 01:28:38 
 Parameters of the pesos 
 [-0.99011815  1.19750974 -0.04679973 -0.75260495  0.36165391 -0.94624097
  0.09887322  0.86224589  0.80844188  0.26573743 -1.13821707 -0.06843594
 -1.47142908 -1.31907552 -1.04012841  2.04217488 -0.26072096  1.72375291
 -1.25010624  0.40985804  0.02141882]
03-Oct-22 01:28:48 
 Fitness of the generation solution 17: 0.554
03-Oct-22 01:29:02 
 Parameters of the pesos 
 [-0.99011815  1.19750974 -0.04679973 -0.75260495  0.36165391 -0.94624097
  0.09887322  0.86224589  0.80844188  0.26573743 -1.13821707 -0.06843594
 -1.47142908 -1.31907552 -1.04012841  2.04217488 -0.26072096  1.72375291
 -1.25010624  0.40985804  0.02141882]
03-Oct-22 01:29:12 
 Fitness of the generation solution 18: 0.554
03-Oct-22 01:29:27 
 Parameters of the pesos 
 [-0.99011815  1.19750974 -0.04679973 -0.75260495  0.36165391 -0.94624097
  0.09887322  0.86224589  0.80844188  0.26573743 -1.13821707 -0.06843594
 -1.47142908 -1.31907552 -1.04012841  2.04217488 -0.26072096  1.72375291
 -1.25010624  0.40985804  0.02141882]
03-Oct-22 01:29:37 
 Fitness of the generation solution 19: 0.554
03-Oct-22 01:29:51 
 Parameters of the pesos 
 [-7.11759937e-01  2.18008874e+00 -6.05842188e-02 -7.52604952e-01
 -4.96036684e-01 -1.88632015e+00 -2.01535517e-03  1.21576245e+00
  7.58984196e-02  3.49403951e-01 -1.13821707e+00  1.63227844e+00
  2.36129746e-01 -3.33597899e+00 -1.04012841e+00  2.06498863e+00
 -2.60720962e-01  1.72375291e+00 -1.79102283e+00  4.09858040e-01
  2.14188168e-02]
03-Oct-22 01:30:00 
 Fitness of the generation solution 20: 0.557
03-Oct-22 01:30:05 
 Parameters of the best solution 
 [-7.11759937e-01  2.18008874e+00 -6.05842188e-02 -7.52604952e-01
 -4.96036684e-01 -1.88632015e+00 -2.01535517e-03  1.21576245e+00
  7.58984196e-02  3.49403951e-01 -1.13821707e+00  1.63227844e+00
  2.36129746e-01 -3.33597899e+00 -1.04012841e+00  2.06498863e+00
 -2.60720962e-01  1.72375291e+00 -1.79102283e+00  4.09858040e-01
  2.14188168e-02]
03-Oct-22 01:30:05 
 Fitness value of the best solution(f1) 
  0.557
