03-Oct-22 00:46:47 
 Parameters of the best solution 
 [ 0.26789684  1.10028942  0.52379826  0.58379822 -0.7450308   0.67874158
  0.04095341 -0.32959357  0.19597734  0.50747095 -0.51482785  0.32361751
 -0.51930051 -0.25045743  1.25468988 -0.55897811 -0.37474709 -0.08678819
 -0.03616752  0.53935713  0.37791615]
03-Oct-22 00:46:57 
 Fitness of the generation solution 1: 0.526
03-Oct-22 00:47:11 
 Parameters of the best solution 
 [ 0.48801303  0.50266932  0.52379826  0.58379822 -0.7450308   0.67874158
 -0.17213216  0.67003507 -0.48785055 -0.30283212  0.12760804  0.04239179
 -1.61010031 -0.00582179  0.06914232  0.50835134 -0.0820118  -0.51821775
 -0.68420788 -0.02457677 -0.07345593]
03-Oct-22 00:47:20 
 Fitness of the generation solution 2: 0.532
03-Oct-22 00:47:35 
 Parameters of the best solution 
 [ 0.26789684  0.95409968 -0.36421409  0.43848413 -0.7450308   0.15511364
 -0.17213216 -1.11635193 -0.48785055  0.19202901  0.12760804  0.04239179
 -0.62848605 -0.38946636  0.54096506  0.35413818 -0.54286391 -0.99836918
  0.06644249  0.2978781   0.1568123 ]
03-Oct-22 00:47:44 
 Fitness of the generation solution 3: 0.539
03-Oct-22 00:47:58 
 Parameters of the best solution 
 [ 0.26789684  0.95409968 -0.36421409  0.43848413 -0.7450308   0.15511364
 -0.17213216 -1.11635193 -0.48785055  0.19202901  0.12760804  0.04239179
 -0.62848605 -0.38946636  0.54096506  0.35413818 -0.54286391 -0.99836918
  0.06644249  0.2978781   0.1568123 ]
03-Oct-22 00:48:08 
 Fitness of the generation solution 4: 0.539
03-Oct-22 00:48:22 
 Parameters of the best solution 
 [ 0.26789684  0.95409968 -0.36421409  0.27919756 -0.7450308   0.15511364
 -0.17213216 -1.11635193 -0.48785055  0.19202901  0.12760804  0.15137348
 -0.62848605 -0.40997724  0.54096506  0.35413818 -1.41456111 -0.61501093
  0.06644249  0.2978781   0.1568123 ]
03-Oct-22 00:48:31 
 Fitness of the generation solution 5: 0.543
03-Oct-22 00:48:45 
 Parameters of the best solution 
 [ 0.26789684  0.95409968 -0.36421409  0.27919756 -0.7450308   0.15511364
 -0.17213216 -1.11635193 -0.48785055  0.19202901  0.12760804  0.15137348
 -0.62848605 -0.40997724  0.54096506  0.35413818 -1.41456111 -0.61501093
  0.06644249  0.2978781   0.1568123 ]
03-Oct-22 00:48:54 
 Fitness of the generation solution 6: 0.543
03-Oct-22 00:49:08 
 Parameters of the best solution 
 [ 0.26789684  0.95409968 -0.36421409  0.27919756 -0.7450308   0.15511364
 -0.17213216 -1.92930951  0.15567408  0.91348635  0.12760804  0.15137348
 -0.62848605 -0.40997724  0.54096506  0.35413818 -1.41456111 -0.12647402
  0.06644249  0.2978781  -0.120779  ]
03-Oct-22 00:49:17 
 Fitness of the generation solution 7: 0.553
03-Oct-22 00:49:30 
 Parameters of the best solution 
 [ 0.26789684  0.95409968 -0.36421409  0.27919756 -0.7450308   0.15511364
 -0.17213216 -1.92930951  0.15567408  0.91348635  0.12760804  0.15137348
 -0.62848605 -0.40997724  0.54096506  0.35413818 -1.41456111 -0.12647402
  0.06644249  0.2978781  -0.120779  ]
03-Oct-22 00:49:39 
 Fitness of the generation solution 8: 0.553
03-Oct-22 00:49:53 
 Parameters of the best solution 
 [ 0.26789684  0.95409968 -0.36421409  0.27919756 -0.7450308   0.15511364
 -0.17213216 -1.92930951  0.15567408  0.91348635  0.12760804  0.15137348
 -0.62848605 -0.40997724  0.54096506  0.35413818 -1.41456111 -0.12647402
  0.06644249  0.2978781  -0.120779  ]
03-Oct-22 00:50:03 
 Fitness of the generation solution 9: 0.553
03-Oct-22 00:50:17 
 Parameters of the best solution 
 [ 0.26789684  0.95409968 -0.36421409  0.27919756 -0.7450308   0.15511364
 -0.17213216 -1.92930951  0.15567408  0.91348635  0.12760804  0.15137348
 -0.62848605 -0.40997724  0.54096506  0.35413818 -1.41456111 -0.12647402
  0.06644249  0.2978781  -0.120779  ]
03-Oct-22 00:50:27 
 Fitness of the generation solution 10: 0.553
03-Oct-22 00:50:41 
 Parameters of the best solution 
 [ 0.26789684  0.95409968 -0.36421409  0.27919756 -0.7450308   0.15511364
 -0.17213216 -1.92930951  0.15567408  0.91348635  0.12760804  0.15137348
 -0.62848605 -0.40997724  0.54096506  0.35413818 -1.41456111 -0.12647402
  0.06644249  0.2978781  -0.120779  ]
03-Oct-22 00:50:51 
 Fitness of the generation solution 11: 0.553
03-Oct-22 00:51:05 
 Parameters of the best solution 
 [ 0.26789684  0.95409968 -0.36421409  0.27919756 -0.7450308   0.15511364
 -0.17213216 -1.92930951  0.15567408  0.91348635  0.12760804  0.15137348
 -0.62848605 -0.40997724  0.54096506  0.35413818 -1.41456111 -0.12647402
  0.06644249  0.2978781  -0.120779  ]
03-Oct-22 00:51:14 
 Fitness of the generation solution 12: 0.553
03-Oct-22 00:51:29 
 Parameters of the best solution 
 [ 0.26789684  0.95409968 -0.36421409  0.27919756 -0.7450308   0.15511364
 -0.17213216 -1.92930951  0.15567408  0.91348635  0.12760804  0.15137348
 -0.62848605 -0.40997724  0.54096506  0.35413818 -1.41456111 -0.12647402
  0.06644249  0.2978781  -0.120779  ]
03-Oct-22 00:51:38 
 Fitness of the generation solution 13: 0.553
03-Oct-22 00:51:53 
 Parameters of the best solution 
 [ 0.26789684  0.95409968 -0.36421409  0.27919756 -0.7450308   0.15511364
 -0.17213216 -1.92930951  0.15567408  0.91348635  0.12760804  0.15137348
 -0.62848605 -0.40997724  0.54096506  0.35413818 -1.41456111 -0.12647402
  0.06644249  0.2978781  -0.120779  ]
03-Oct-22 00:52:02 
 Fitness of the generation solution 14: 0.553
03-Oct-22 00:52:16 
 Parameters of the best solution 
 [ 0.26789684  1.58529292  0.4459107   0.27919756 -0.7450308   0.15511364
 -0.17213216 -1.92930951  0.15567408  0.91348635  0.12760804 -0.50688547
 -0.62848605  0.70965333 -0.91105269  1.23791183  0.67340668 -2.2581669
 -1.18571847 -1.69752553  0.15656256]
03-Oct-22 00:52:25 
 Fitness of the generation solution 15: 0.566
03-Oct-22 00:52:39 
 Parameters of the best solution 
 [ 0.34854984  2.50951167  0.4459107   0.27919756 -0.7450308   1.01681939
 -0.17213216 -1.92930951  0.15567408  0.91348635 -0.34674256 -0.50688547
 -0.4935503   0.84017828 -0.91105269  1.71117684  0.09703334 -1.8059693
 -2.02071365 -1.69752553  0.07546096]
03-Oct-22 00:52:48 
 Fitness of the generation solution 16: 0.568
03-Oct-22 00:53:01 
 Parameters of the best solution 
 [-1.31298582  0.87221422  2.16241937  2.00238181 -1.54892229  0.15511364
 -0.17213216 -1.92930951  0.15567408  0.91348635  0.12760804 -2.01496104
 -0.4935503   0.70965333 -0.91105269  1.71117684  0.61581014 -1.65889066
 -2.70084778 -1.90157637  0.64573205]
03-Oct-22 00:53:10 
 Fitness of the generation solution 17: 0.581
03-Oct-22 00:53:24 
 Parameters of the best solution 
 [-1.31298582  0.87221422  2.16241937  2.00238181 -1.54892229  0.15511364
 -0.17213216 -1.92930951  0.15567408  0.91348635  0.12760804 -2.01496104
 -0.4935503   0.70965333 -0.91105269  1.71117684  0.61581014 -1.65889066
 -2.70084778 -1.90157637  0.64573205]
03-Oct-22 00:53:33 
 Fitness of the generation solution 18: 0.581
03-Oct-22 00:53:46 
 Parameters of the best solution 
 [-1.31298582  0.87221422  2.16241937  2.00238181 -1.54892229  0.15511364
 -0.17213216 -1.92930951  0.15567408  0.91348635  0.12760804 -2.01496104
 -0.4935503   0.70965333 -0.91105269  1.71117684  0.61581014 -1.65889066
 -2.70084778 -1.90157637  0.64573205]
03-Oct-22 00:53:56 
 Fitness of the generation solution 19: 0.581
03-Oct-22 00:54:09 
 Parameters of the best solution 
 [-1.31298582  0.87221422  2.16241937  2.00238181 -1.54892229  0.15511364
 -0.17213216 -1.92930951  0.15567408  0.91348635  0.12760804 -2.01496104
 -0.4935503   0.70965333 -0.91105269  1.71117684  0.61581014 -1.65889066
 -2.70084778 -1.90157637  0.64573205]
03-Oct-22 00:54:18 
 Fitness of the generation solution 20: 0.581
03-Oct-22 00:54:23 
 Parameters of the best solution 
 [-1.31298582  0.87221422  2.16241937  2.00238181 -1.54892229  0.15511364
 -0.17213216 -1.92930951  0.15567408  0.91348635  0.12760804 -2.01496104
 -0.4935503   0.70965333 -0.91105269  1.71117684  0.61581014 -1.65889066
 -2.70084778 -1.90157637  0.64573205]
03-Oct-22 00:54:23 
 Fitness value of the best solution(f1) 
  0.581
