03-Oct-22 02:26:58 
 O tempo de fitness é:58.38709211349487
03-Oct-22 02:27:07 
 Parameters of the pesos 
 [-0.94006372  0.87631595 -0.63018808 -0.38266008 -0.3716949  -0.02926923
 -0.51363363 -0.62028951  0.83873648  0.07296803  0.20717081 -0.09778474
  0.55581586 -0.12259336  0.86806694  0.81218231 -0.57776841 -0.89923639
  0.65208321  0.35603216  0.97089753]
03-Oct-22 02:27:16 
 Fitness of the generation solution 1: 0.541
03-Oct-22 02:27:20 
 O tempo de fitness é:20.69166922569275
03-Oct-22 02:27:30 
 Parameters of the pesos 
 [-0.06429467  1.02011186 -0.88309077 -0.54749677  0.9327704   0.97332476
  0.40113888  0.02380932 -0.9561048  -0.51533439 -0.76441501 -0.89499595
 -0.18764744  0.30765099  0.65549716  0.00805958  0.48621242 -0.90158301
 -0.40549565  0.05967382  0.05573394]
03-Oct-22 02:27:39 
 Fitness of the generation solution 2: 0.541
03-Oct-22 02:27:44 
 O tempo de fitness é:44.7112991809845
03-Oct-22 02:27:54 
 Parameters of the pesos 
 [-0.94006372  0.87631595 -0.63018808  1.06471451  0.1367984  -0.02926923
 -0.22179232 -0.62028951  0.5310342   0.07296803  0.20717081 -0.09778474
  1.23375085 -0.12259336  0.86806694  1.55568927 -0.57776841 -1.16222762
  0.21300604  0.28867761  0.97089753]
03-Oct-22 02:28:03 
 Fitness of the generation solution 3: 0.545
03-Oct-22 02:28:08 
 O tempo de fitness é:8.234666347503662
03-Oct-22 02:28:17 
 Parameters of the pesos 
 [-0.94006372  0.87631595 -0.63018808  1.06471451  0.1367984  -0.02926923
 -0.22179232 -0.62028951  0.5310342   0.07296803  0.20717081 -0.09778474
  1.23375085 -0.12259336  0.86806694  1.55568927 -0.57776841 -1.16222762
  0.21300604  0.28867761  0.97089753]
03-Oct-22 02:28:27 
 Fitness of the generation solution 4: 0.545
03-Oct-22 02:28:32 
 O tempo de fitness é:32.17163586616516
03-Oct-22 02:28:41 
 Parameters of the pesos 
 [-0.94006372  0.87631595 -0.63018808  1.06471451  0.1367984  -0.02926923
 -0.22179232 -0.62028951  0.5310342   0.07296803  0.20717081 -0.09778474
  1.23375085 -0.12259336  0.86806694  1.55568927 -0.57776841 -1.16222762
  0.21300604  0.28867761  0.97089753]
03-Oct-22 02:28:51 
 Fitness of the generation solution 5: 0.545
03-Oct-22 02:28:55 
 O tempo de fitness é:55.78214883804321
03-Oct-22 02:29:04 
 Parameters of the pesos 
 [-0.94006372  0.87631595 -0.63018808  1.06471451  0.1367984  -0.36018285
 -0.22179232 -1.6027838   0.77736846 -0.12346938  0.20717081 -0.09778474
  1.23375085  0.70371337 -0.84466806 -0.01663025  0.95734709  0.41221998
 -1.17680292  0.81591389 -0.91611948]
03-Oct-22 02:29:13 
 Fitness of the generation solution 6: 0.549
03-Oct-22 02:29:17 
 O tempo de fitness é:17.775196075439453
03-Oct-22 02:29:27 
 Parameters of the pesos 
 [-1.85157956  0.87631595 -0.63018808  1.06471451  0.1367984  -0.02926923
 -0.22179232 -0.62028951  0.5310342   0.07296803  0.20717081 -0.09778474
  1.23375085  0.71275307  1.29233927  1.80013955 -0.57776841 -1.16222762
  2.10184502  0.28867761  1.20120106]
03-Oct-22 02:29:36 
 Fitness of the generation solution 7: 0.55
03-Oct-22 02:29:41 
 O tempo de fitness é:41.243712425231934
03-Oct-22 02:29:50 
 Parameters of the pesos 
 [-1.85157956  0.87631595 -0.63018808  1.06471451  0.1367984  -0.02926923
 -0.22179232 -0.62028951  0.5310342   0.07296803  0.20717081 -0.09778474
  1.23375085  0.71275307  1.29233927  1.80013955 -0.57776841 -1.16222762
  2.10184502  0.28867761  1.20120106]
03-Oct-22 02:30:00 
 Fitness of the generation solution 8: 0.55
03-Oct-22 02:30:05 
 O tempo de fitness é:5.182944059371948
03-Oct-22 02:30:14 
 Parameters of the pesos 
 [-1.85157956  0.87631595 -1.20194521  1.06471451  0.1367984   0.66093686
 -0.22179232 -0.48002878  0.5310342   0.07296803  0.20717081 -0.09778474
  1.23375085  0.71275307  1.29233927  2.05633994  0.27171769 -1.47575749
  0.89560677  0.5778759   0.97089753]
03-Oct-22 02:30:23 
 Fitness of the generation solution 9: 0.552
03-Oct-22 02:30:27 
 O tempo de fitness é:27.83862543106079
03-Oct-22 02:30:36 
 Parameters of the pesos 
 [-1.14151414 -1.97551766 -0.50350259  2.01245015 -0.39392001  0.83093821
  0.87964063 -0.62028951 -0.03528695  0.07296803  0.20717081 -0.09778474
  1.23375085 -0.26288284  1.29233927  1.80013955 -0.57776841 -1.16222762
  1.27024873  0.28867761  1.92874766]
03-Oct-22 02:30:45 
 Fitness of the generation solution 10: 0.557
03-Oct-22 02:30:50 
 O tempo de fitness é:50.23915457725525
03-Oct-22 02:30:59 
 Parameters of the pesos 
 [-1.85157956  1.79644028 -0.63018808  1.06471451 -0.39392001 -0.02926923
  0.184016   -0.62028951  0.2797076  -0.16236605  0.39945856 -1.20107506
 -1.34940821  1.2179905   1.34640622  1.62249333 -0.1041331  -1.47575749
  0.89560677  1.4758958   0.97089753]
03-Oct-22 02:31:09 
 Fitness of the generation solution 11: 0.557
03-Oct-22 02:31:14 
 O tempo de fitness é:14.162476539611816
03-Oct-22 02:31:23 
 Parameters of the pesos 
 [-1.66331401 -1.97551766 -0.04186833  2.26191367 -0.39392001  0.83093821
  0.87964063 -0.62028951 -0.55500656  0.07296803  0.20717081 -1.20107506
 -1.34940821  1.2179905   1.34640622  1.62249333  0.26173758 -1.3978994
  0.80824805  1.4758958   0.97089753]
03-Oct-22 02:31:32 
 Fitness of the generation solution 12: 0.558
03-Oct-22 02:31:36 
 O tempo de fitness é:36.83928036689758
03-Oct-22 02:31:46 
 Parameters of the pesos 
 [-0.76016559  0.87631595 -0.63018808  1.47125373  0.1367984   0.03613232
 -2.19472315  1.03293363  0.50851747  0.00330815  0.8425761   0.35186977
  1.27458613  0.84699763  1.54165605  2.05633994 -1.41625365 -0.23967267
  1.27024873  0.17799674  1.92874766]
03-Oct-22 02:31:55 
 Fitness of the generation solution 13: 0.564
03-Oct-22 02:32:00 
 O tempo de fitness é:0.5793731212615967
03-Oct-22 02:32:10 
 Parameters of the pesos 
 [-0.76016559  0.87631595 -0.63018808  1.47125373  0.1367984   0.03613232
 -2.19472315  1.03293363  0.50851747  0.00330815  0.8425761   0.35186977
  1.27458613  0.84699763  1.54165605  2.05633994 -1.41625365 -0.23967267
  1.27024873  0.17799674  1.92874766]
03-Oct-22 02:32:19 
 Fitness of the generation solution 14: 0.564
03-Oct-22 02:32:24 
 O tempo de fitness é:24.42571449279785
03-Oct-22 02:32:33 
 Parameters of the pesos 
 [-0.76016559  0.87631595 -0.63018808  1.47125373  0.1367984   0.03613232
 -2.19472315  1.03293363  0.50851747  0.00330815  0.8425761   0.35186977
  1.27458613  0.84699763  1.54165605  2.05633994 -1.41625365 -0.23967267
  1.27024873  0.17799674  1.92874766]
03-Oct-22 02:32:43 
 Fitness of the generation solution 15: 0.564
03-Oct-22 02:32:48 
 O tempo de fitness é:48.44165086746216
03-Oct-22 02:32:58 
 Parameters of the pesos 
 [-0.76016559  0.87631595 -0.63018808  1.47125373  0.1367984   0.03613232
 -2.19472315  1.03293363  0.50851747  0.00330815  0.8425761   0.35186977
  1.27458613  0.84699763  1.54165605  2.05633994 -1.41625365 -0.23967267
  1.27024873  0.17799674  1.92874766]
03-Oct-22 02:33:07 
 Fitness of the generation solution 16: 0.564
03-Oct-22 02:33:12 
 O tempo de fitness é:12.476826429367065
03-Oct-22 02:33:22 
 Parameters of the pesos 
 [-0.76016559  0.87631595 -0.63018808  1.47125373  0.1367984   0.03613232
 -2.19472315  1.03293363  0.50851747  0.00330815  0.8425761   0.35186977
  1.27458613  0.84699763  1.54165605  2.05633994 -1.41625365 -0.23967267
  1.27024873  0.17799674  1.92874766]
03-Oct-22 02:33:31 
 Fitness of the generation solution 17: 0.564
03-Oct-22 02:33:36 
 O tempo de fitness é:36.56474590301514
03-Oct-22 02:33:45 
 Parameters of the pesos 
 [-0.76016559  0.87631595 -0.63018808  1.47125373  0.1367984   0.03613232
 -2.19472315  1.03293363  0.50851747  0.00330815  0.8425761   0.35186977
  1.27458613  0.84699763  1.54165605  2.05633994 -1.41625365 -0.23967267
  1.27024873  0.17799674  1.92874766]
03-Oct-22 02:33:54 
 Fitness of the generation solution 18: 0.564
03-Oct-22 02:33:59 
 O tempo de fitness é:59.174782514572144
03-Oct-22 02:34:08 
 Parameters of the pesos 
 [-0.76016559  0.87631595 -0.63018808  1.47125373  0.1367984   0.03613232
 -2.19472315  1.03293363  0.50851747  0.00330815  0.8425761   0.35186977
  1.27458613  0.84699763  1.54165605  2.05633994 -1.41625365 -0.23967267
  1.27024873  0.17799674  1.92874766]
03-Oct-22 02:34:18 
 Fitness of the generation solution 19: 0.564
03-Oct-22 02:34:23 
 O tempo de fitness é:23.25207543373108
03-Oct-22 02:34:32 
 Parameters of the pesos 
 [-0.76016559  0.87631595 -0.63018808  1.47125373  0.1367984   0.03613232
 -2.19472315  1.03293363  0.50851747  0.00330815  0.8425761   0.35186977
  1.27458613  0.84699763  1.54165605  2.05633994 -1.41625365 -0.23967267
  1.27024873  0.17799674  1.92874766]
03-Oct-22 02:34:41 
 Fitness of the generation solution 20: 0.564
03-Oct-22 02:34:45 
 Parameters of the best solution 
 [-0.76016559  0.87631595 -0.63018808  1.47125373  0.1367984   0.03613232
 -2.19472315  1.03293363  0.50851747  0.00330815  0.8425761   0.35186977
  1.27458613  0.84699763  1.54165605  2.05633994 -1.41625365 -0.23967267
  1.27024873  0.17799674  1.92874766]
03-Oct-22 02:34:45 
 Fitness value of the best solution(f1) 
  0.564
03-Oct-22 02:34:45 
 O tempo medio foi: 30.005130648612976 Segundos
