04-Oct-22 00:55:14 
 O tempo de fitness é:14.979701042175293
04-Oct-22 00:56:09 
 Parameters of the pesos 
 [ 0.96459492  0.35578387  0.31660181 -0.54691033 -0.34970209  0.03839487
  0.92353424  0.70006918  0.45304585 -0.25611707 -0.34205085 -0.56630424
 -0.50773732  0.731643    0.08219692  0.31643276 -0.09063355 -0.11390674
  0.83142221  0.68442001 -1.28680365]
04-Oct-22 00:57:05 
 Fitness of the generation solution 1: 0.9345834526195248
04-Oct-22 00:57:33 
 O tempo de fitness é:33.30278205871582
04-Oct-22 00:58:28 
 Parameters of the pesos 
 [ 0.87192369 -1.44350833  0.85127097  0.01240813  0.51022585  0.76361712
  0.33454044 -0.88355616  0.24949121  0.81043053  0.34910506  0.74120439
 -0.97833106  1.28492197  0.27642269  0.36527686 -0.38779264  0.9790032
  0.42340061  0.49491947 -0.02492507]
04-Oct-22 00:59:31 
 Fitness of the generation solution 2: 0.9371600343544231
04-Oct-22 01:00:48 
 O tempo de fitness é:48.10807728767395
04-Oct-22 01:03:39 
 Parameters of the pesos 
 [ 0.2793206  -1.44350833  0.85127097  0.01240813  0.51022585  0.42826798
  0.77571381 -0.59303022  0.24949121  1.51718997  0.34910506 -0.17929281
 -0.29337033 -0.34203439 -0.54490337 -0.19487643  0.71297797  0.49252177
  0.23599923  0.38889104 -0.04033642]
04-Oct-22 01:04:52 
 Fitness of the generation solution 3: 0.9365874606355569
04-Oct-22 01:05:27 
 O tempo de fitness é:27.29274296760559
04-Oct-22 01:06:37 
 Parameters of the pesos 
 [-0.01458386  0.69847712 -0.31763689  0.05269821  0.93682244 -1.21432836
  0.55536732 -0.76747908  0.79033202  0.96548018  1.81446359  0.00823772
 -0.72686973  0.52191419  0.38965695  0.89243869  0.99044043 -0.99854313
 -0.46803552  0.6145297   0.46893142]
04-Oct-22 01:07:50 
 Fitness of the generation solution 4: 0.9360148869166905
04-Oct-22 01:08:36 
 O tempo de fitness é:36.344650745391846
04-Oct-22 01:10:09 
 Parameters of the pesos 
 [ 0.17471338  0.69847712 -0.31763689  0.05269821  0.93682244 -0.71236201
  0.55536732 -0.2788641   0.79033202  0.96548018  0.05760605 -0.81619794
 -1.00465618 -0.48949108  0.00630916  0.04655336  0.4059984  -1.41523615
 -0.27075628 -0.07417023 -0.02492507]
