04-Oct-22 00:48:48 
 O tempo de fitness é:48.3716766834259
04-Oct-22 00:49:39 
 Parameters of the pesos 
 [ 0.48207416 -0.8752646  -0.166897   -0.71224464  0.28218312  0.35011912
  0.26060908  0.59845282  0.66873853  0.95831176  0.17366276 -0.09859529
 -0.20828219  0.31431203  0.18973772  0.29559163 -0.1874626   0.69897199
 -0.6720028   0.68230974 -0.40941861]
04-Oct-22 00:50:32 
 Fitness of the generation solution 1: 0.9374463212138563
04-Oct-22 00:50:58 
 O tempo de fitness é:58.558281898498535
04-Oct-22 00:51:55 
 Parameters of the pesos 
 [ 0.18986438  0.40525879  1.81077586  0.54974989  0.16466101 -0.18894283
  0.90925709  0.18153131  0.42622798 -0.51466495 -0.92228731  0.68084887
  0.91507751 -0.5436862  -0.17676672  0.102928   -0.34533564  0.88016244
  0.54950874  1.07177514  0.14798074]
04-Oct-22 00:52:51 
 Fitness of the generation solution 2: 0.9367306040652734
04-Oct-22 00:53:18 
 O tempo de fitness é:18.668699741363525
