05-Oct-22 12:37:22 
 O tempo de fitness é:22.60179901123047
05-Oct-22 12:38:15 
 Parameters of the pesos 
 [ 0.92467956 -0.60162247  0.3612917  -0.87880748  0.50770943 -0.83379603
 -0.53566261  0.79701174 -0.18795241 -0.16776862 -0.08582144  0.13479698
  0.43161236  0.08458552 -0.08442228  0.93702584 -0.07867359 -0.84398849
 -0.23283567  0.91441801 -0.13295238]
05-Oct-22 12:39:07 
 Fitness of the generation solution 1: 0.9357286000572573
05-Oct-22 12:39:34 
 O tempo de fitness é:34.09344506263733
05-Oct-22 12:40:25 
 Parameters of the pesos 
 [-0.1820497   0.79548634  0.72325569 -0.8395072  -0.99243401 -0.46177272
  0.596556   -0.23855581  0.32165688 -0.90929407 -0.90044562 -0.10498682
 -0.35304304  0.08682086 -0.36219532 -0.17186381 -0.23750805  0.47078363
  0.89262305  0.37319542  1.29055962]
05-Oct-22 12:41:19 
 Fitness of the generation solution 2: 0.9363011737761237
05-Oct-22 12:41:44 
 O tempo de fitness é:44.37555503845215
05-Oct-22 12:42:41 
 Parameters of the pesos 
 [-0.1820497   0.04970661 -0.23476578 -0.8395072  -0.99243401 -0.46177272
  0.596556   -0.23855581 -0.52279454 -0.90929407 -1.6795649   0.77728383
 -0.35304304  0.08682086 -0.36219532  0.66349559 -0.23750805  0.47078363
  1.88813962  0.0431288   1.51120451]
05-Oct-22 12:43:35 
 Fitness of the generation solution 3: 0.9370168909247065
05-Oct-22 12:44:03 
 O tempo de fitness é:3.888079881668091
05-Oct-22 12:44:55 
 Parameters of the pesos 
 [-0.30136245  0.79548634  0.72325569 -1.47334692 -0.50009619 -0.46177272
  0.26959508 -0.23855581  0.32165688 -0.94747034  0.09737808  1.69935114
  0.17404441 -1.40331298  0.7090528   0.34977584 -0.33073706 -0.31484883
  0.17736971 -0.91248387  0.24219839]
05-Oct-22 12:45:46 
 Fitness of the generation solution 4: 0.9365874606355569
05-Oct-22 12:46:13 
 O tempo de fitness é:13.684417009353638
05-Oct-22 12:47:08 
 Parameters of the pesos 
 [-0.93865287  0.87214829  0.72325569 -1.47334692  0.36463391 -0.40554744
  0.80653873 -0.12367236 -0.0853571  -0.90929407 -0.63234305 -0.99895485
 -1.1955263  -0.20503708  0.79922978 -0.19045493 -0.26804122 -0.38973843
 -0.50763114 -0.18268613  0.22088244]
05-Oct-22 12:48:05 
 Fitness of the generation solution 5: 0.9367306040652734
05-Oct-22 12:48:32 
 O tempo de fitness é:32.913270711898804
05-Oct-22 12:49:29 
 Parameters of the pesos 
 [-0.02012133  0.87214829  0.37448688 -2.20555449 -1.79238276 -0.28446452
  0.26959508  0.6266029   0.7920955  -1.80525743  0.58055207 -0.77279533
 -0.31030541 -1.78640777  0.78437643  0.34977584 -1.01915627 -0.31484883
  0.70828619  0.55625821 -1.04072953]
05-Oct-22 12:50:25 
 Fitness of the generation solution 6: 0.9373031777841397
05-Oct-22 12:50:52 
 O tempo de fitness é:52.65150499343872
05-Oct-22 12:51:47 
 Parameters of the pesos 
 [ 0.36165931  0.7978217   0.1734936  -0.8395072  -0.33743434  1.18659298
  1.05363833 -0.80764615  0.7920955  -1.80525743 -1.54526726  1.16941944
 -0.39839508 -1.67947212  0.7090528   0.07631749 -0.26804122 -0.2799269
  0.0069081  -0.13970163 -0.76967875]
05-Oct-22 12:52:42 
 Fitness of the generation solution 7: 0.934154022330375
05-Oct-22 12:53:11 
 O tempo de fitness é:11.138264179229736
05-Oct-22 12:54:05 
 Parameters of the pesos 
 [-0.79688295  0.93906759  1.20166818 -1.08543124  1.72986616  1.27216855
  1.1613508  -1.39503975  1.60636087  0.25068256 -1.54526726  1.16941944
 -0.71659045 -2.63387736  1.57170211 -0.15427577  0.16228751 -1.241044
  0.0069081  -1.37777218  0.24219839]
05-Oct-22 12:55:00 
 Fitness of the generation solution 8: 0.9367306040652734
05-Oct-22 12:55:28 
 O tempo de fitness é:28.450629949569702
05-Oct-22 12:56:23 
 Parameters of the pesos 
 [-0.58153846 -1.13586113  0.1023783  -0.29488929  0.89311886  0.82913681
  0.8736042  -1.40926248  1.36965494  0.73936108 -1.54526726  2.09787488
 -1.96979121 -2.63387736  0.60202887  0.37630025 -0.26804122 -0.31484883
  0.17736971 -0.18268613  0.45202197]
05-Oct-22 12:57:18 
 Fitness of the generation solution 9: 0.9380188949327226
05-Oct-22 12:57:46 
 O tempo de fitness é:46.17153859138489
05-Oct-22 12:58:38 
 Parameters of the pesos 
 [ 0.36165931  2.31032635  1.20166818 -1.03287717  1.72986616  1.27216855
  1.1613508  -1.39503975  1.4191209   0.97170662 -2.25191469  1.46067934
 -0.71659045 -2.57887773  0.4195591   0.07631749 -0.26804122 -1.14018371
 -0.62765821 -0.03935544 -2.57329026]
05-Oct-22 12:59:30 
 Fitness of the generation solution 10: 0.9355854566275408
05-Oct-22 12:59:56 
 Parameters of the best solution 
 [-0.30136245  0.73341865  1.20166818 -1.03287717  1.72986616  1.27216855
  1.1613508  -1.39503975  1.60636087  0.97170662 -1.73415187  1.15902593
 -0.71659045 -2.57887773  0.4195591   0.07631749 -0.26804122 -1.14018371
 -0.62765821 -0.03935544 -1.71334277]
05-Oct-22 12:59:56 
 Fitness value of the best solution(f1) 
  0.9355854566275408
05-Oct-22 12:59:56 
 O tempo medio foi: 30.681950330734253 Segundos
05-Oct-22 12:59:58 
 [[1644  102]
 [ 124 1624]]
05-Oct-22 12:59:58 
               precision    recall  f1-score   support

         0.0       0.93      0.94      0.94      1746
         1.0       0.94      0.93      0.93      1748

    accuracy                           0.94      3494
   macro avg       0.94      0.94      0.94      3494
weighted avg       0.94      0.94      0.94      3494

05-Oct-22 12:59:58 
 0.9353176874642244
05-Oct-22 12:59:58 
 Predicted output based on the best solution : 0.9353176874642244
