04-Oct-22 00:07:25 
 O tempo de fitness é:25.372239351272583
04-Oct-22 00:07:58 
 Parameters of the pesos 
 [ 0.32195585 -0.87352126  1.23876372 -0.48377249  0.7858078  -0.81960164
 -0.23343581 -0.59884075 -0.59495755 -0.20662483  0.39799989 -0.84061902
 -0.66324198  0.37051813 -0.5039691  -0.77043732 -0.20226829  1.31561897
  0.31613325 -0.01486859  0.1582395 ]
04-Oct-22 00:08:29 
 Fitness of the generation solution 1: 0.765
04-Oct-22 00:08:46 
 O tempo de fitness é:46.9825222492218
04-Oct-22 00:09:20 
 Parameters of the pesos 
 [ 0.32195585 -0.87352126  1.23876372 -0.48377249  0.7858078  -0.81960164
 -0.23343581 -0.59884075 -0.59495755 -0.20662483  0.39799989 -0.84061902
 -0.66324198  0.37051813 -0.5039691  -0.77043732 -0.20226829  1.31561897
  0.31613325 -0.01486859  0.1582395 ]
04-Oct-22 00:09:52 
 Fitness of the generation solution 2: 0.765
04-Oct-22 00:10:08 
 O tempo de fitness é:8.50494384765625
04-Oct-22 00:10:39 
 Parameters of the pesos 
 [ 0.32195585 -0.87352126  1.23876372 -0.48377249  0.7858078  -0.81960164
 -0.23343581 -0.59884075 -0.59495755 -0.20662483  0.39799989 -0.84061902
 -0.66324198  0.37051813 -0.5039691  -0.77043732 -0.20226829  1.31561897
  0.31613325 -0.01486859  0.1582395 ]
04-Oct-22 00:11:09 
 Fitness of the generation solution 3: 0.765
04-Oct-22 00:11:24 
 Parameters of the best solution 
 [ 0.32195585 -0.87352126  1.23876372 -0.48377249  0.7858078  -0.81960164
 -0.23343581 -0.59884075 -0.59495755 -0.20662483  0.39799989 -0.84061902
 -0.66324198  0.37051813 -0.5039691  -0.77043732 -0.20226829  1.31561897
  0.31613325 -0.01486859  0.1582395 ]
04-Oct-22 00:11:24 
 Fitness value of the best solution(f1) 
  0.765
04-Oct-22 00:11:24 
 O tempo medio foi: 25.372239351272583 Segundos
04-Oct-22 00:11:25 
 [[253 234]
 [240 273]]
04-Oct-22 00:11:25 
               precision    recall  f1-score   support

         0.0       0.51      0.52      0.52       487
         1.0       0.54      0.53      0.54       513

    accuracy                           0.53      1000
   macro avg       0.53      0.53      0.53      1000
weighted avg       0.53      0.53      0.53      1000

04-Oct-22 00:11:25 
 0.526
04-Oct-22 00:11:25 
 Predicted output based on the best solution : 0.526
