03-Oct-22 23:53:46 
 O tempo de fitness é:46.83470678329468
03-Oct-22 23:53:49 
 Parameters of the pesos 
 [-0.90401097  1.75521548 -0.27605069 -0.50655579 -0.55768533  0.73894295
 -0.5595041   0.38889592 -0.31426294  0.12220423 -0.78690694  0.83320062
  0.51002581 -0.26407155 -0.5682836  -0.88504246 -0.10725343 -0.4544521
  0.99426769  0.03080116  0.99718098]
03-Oct-22 23:53:51 
 Fitness of the generation solution 1: 0.551
03-Oct-22 23:53:51 
 O tempo de fitness é:51.972511768341064
03-Oct-22 23:53:53 
 Parameters of the pesos 
 [-0.90401097  1.75521548 -0.27605069 -0.50655579 -0.55768533  0.73894295
 -0.5595041   0.38889592 -0.31426294  0.12220423 -0.78690694  0.83320062
  0.51002581 -0.26407155 -0.5682836  -0.88504246 -0.10725343 -0.4544521
  0.99426769  0.03080116  0.99718098]
03-Oct-22 23:53:55 
 Fitness of the generation solution 2: 0.551
03-Oct-22 23:53:55 
 O tempo de fitness é:55.22467017173767
03-Oct-22 23:53:57 
 Parameters of the pesos 
 [-0.34162786  0.92034691  0.61577024 -0.05998476 -0.63020038  0.89711021
 -0.5595041   1.14003714 -0.50642047 -0.00129351  0.0644203   0.58873119
  0.32834516 -0.26407155 -0.45377111 -0.14515436  0.19242373  0.1504693
  1.007446    0.0799348   0.03807718]
03-Oct-22 23:54:01 
 Fitness of the generation solution 3: 0.554
03-Oct-22 23:54:02 
 Parameters of the best solution 
 [-0.34162786  0.92034691  0.61577024 -0.05998476 -0.63020038  0.89711021
 -0.5595041   1.14003714 -0.50642047 -0.00129351  0.0644203   0.58873119
  0.32834516 -0.26407155 -0.45377111 -0.14515436  0.19242373  0.1504693
  1.007446    0.0799348   0.03807718]
03-Oct-22 23:54:02 
 Fitness value of the best solution(f1) 
  0.554
03-Oct-22 23:54:02 
 O tempo medio foi: 51.972511768341064 Segundos
03-Oct-22 23:54:02 
 [[171 316]
 [203 310]]
03-Oct-22 23:54:02 
               precision    recall  f1-score   support

         0.0       0.46      0.35      0.40       487
         1.0       0.50      0.60      0.54       513

    accuracy                           0.48      1000
   macro avg       0.48      0.48      0.47      1000
weighted avg       0.48      0.48      0.47      1000

03-Oct-22 23:54:02 
 0.481
03-Oct-22 23:54:02 
 Predicted output based on the best solution : 0.481
