06-Oct-22 01:52:20 
 O tempo de fitness é:20.26351761817932
06-Oct-22 01:58:01 
 Parameters of the pesos 
 [ 0.06270284  0.04680082  0.02389464  1.2995182  -1.13569132 -0.69312606
 -0.77781919 -0.62019286  0.34478703 -0.14899378  0.34762501 -0.87084073
  0.40096711 -0.37546699  0.21193537 -0.089357   -0.16045395  0.60040591
 -0.80495028 -0.16166821 -0.4391556 ]
06-Oct-22 02:03:46 
 Fitness of the generation solution 1: 0.9510873832142577
06-Oct-22 02:06:35 
 O tempo de fitness é:35.68586587905884
06-Oct-22 02:11:46 
 Parameters of the pesos 
 [ 0.74726591  0.2992421   0.09899723  0.32954343 -0.12883799  0.00618824
 -0.13133788  0.33630552 -0.6868583   0.2158535   0.62414387 -0.58746333
 -0.14619177  0.86918786 -0.65319358  0.48692863 -0.87568117 -0.22102952
 -0.51677222 -0.21325726  1.04299522]
06-Oct-22 02:15:52 
 Fitness of the generation solution 2: 0.951322917484494
06-Oct-22 02:16:54 
 O tempo de fitness é:54.65911531448364
06-Oct-22 02:19:02 
 Parameters of the pesos 
 [-0.78047035  0.63536188  0.41402081 -1.59133883  0.89205042  0.40757935
 -0.39993831  0.33630552 -0.6868583   0.22144096 -0.41371548 -0.0201002
  0.01157333 -1.18379483 -1.05369334  0.47675374  0.02934937 -0.59995511
  1.30059131 -0.54115401 -1.01446902]
06-Oct-22 02:21:09 
 Fitness of the generation solution 3: 0.951322917484494
06-Oct-22 02:22:13 
 O tempo de fitness é:13.546288967132568
06-Oct-22 02:24:20 
 Parameters of the pesos 
 [ 0.43729653  0.04680082 -0.09140256  0.8824525   0.10436631 -0.13383447
  0.47954257  0.7865182  -0.6868583   0.22144096 -0.46327169 -0.44773468
 -0.70244174 -2.02720835 -1.05369334  1.36747907  0.02934937 -0.59995511
  1.67207497 -0.54115401 -1.33888807]
06-Oct-22 02:26:29 
 Fitness of the generation solution 4: 0.9517154746015545
06-Oct-22 02:27:33 
 O tempo de fitness é:33.33503842353821
06-Oct-22 02:29:42 
 Parameters of the pesos 
 [ 0.43729653  0.04680082 -0.09140256  0.8824525  -0.75724165 -0.13383447
  0.47954257 -1.26228939  0.34478703 -0.17056323 -0.67946247 -0.87084073
 -0.52006875 -0.32517708  0.21193537 -0.089357    0.20004813  1.55219374
 -0.41732445 -0.16166821 -0.1207387 ]
06-Oct-22 02:31:53 
 Fitness of the generation solution 5: 0.9517154746015545
06-Oct-22 02:32:57 
 O tempo de fitness é:57.552324533462524
06-Oct-22 02:35:14 
 Parameters of the pesos 
 [ 0.43729653 -0.42812944  0.81059631  0.9727395  -0.12883799 -0.53413885
  0.78614573 -0.95734377  0.78091155 -0.32136141  0.53979476 -1.34246028
  0.98682238 -0.37546699  1.02378704 -0.31697986 -0.69822619 -1.54284812
 -0.51677222 -0.36854528  0.909604  ]
06-Oct-22 02:37:31 
 Fitness of the generation solution 6: 0.9515584517547303
06-Oct-22 02:38:38 
 O tempo de fitness é:38.853801250457764
06-Oct-22 02:40:56 
 Parameters of the pesos 
 [ 1.37886477 -0.03899953 -0.5747158   0.24617406 -0.75724165 -0.92436537
  0.78614573 -1.21061469 -0.0070727  -0.32136141 -1.05661491 -0.87084073
  0.40096711 -0.46494878  0.04153289  0.03829257 -1.20613869  1.10123451
 -0.89133774 -0.16166821 -0.69249628]
06-Oct-22 02:43:12 
 Fitness of the generation solution 7: 0.9524220774122635
06-Oct-22 02:44:22 
 O tempo de fitness é:22.042922735214233
06-Oct-22 02:46:27 
 Parameters of the pesos 
 [ 1.37886477 -0.40155699  0.6715074   0.24617406 -0.75724165 -0.92436537
  0.17685342 -0.43960072  0.96274743 -1.17703381 -0.28202892 -0.87084073
  0.40096711 -1.41920534  0.70414643  0.49092258 -0.41793997  0.51844831
 -0.89133774 -0.16166821 -0.69249628]
06-Oct-22 02:48:36 
 Fitness of the generation solution 8: 0.9516369631781424
06-Oct-22 02:49:39 
 O tempo de fitness é:39.98499941825867
06-Oct-22 02:51:55 
 Parameters of the pesos 
 [ 0.43729653 -0.42812944  0.81059631  2.15509378 -0.12883799 -0.44090007
  1.11303927 -0.43960072  0.12354438 -1.89211798 -0.28202892 -1.34355464
  0.40096711 -1.41920534  0.70414643  0.49092258 -0.71793467  0.51844831
 -0.02547112  0.0803477  -0.69249628]
06-Oct-22 02:54:10 
 Fitness of the generation solution 9: 0.9508518489440213
06-Oct-22 02:55:18 
 O tempo de fitness é:18.984601259231567
06-Oct-22 02:57:33 
 Parameters of the pesos 
 [ 1.74814062 -0.72688741 -1.25941714  0.8824525   0.5723485  -0.13383447
 -0.60811678  0.7865182  -0.20819919  1.01286083 -0.65282391 -1.05835044
  0.38388976 -2.44792494  1.02378704 -0.31697986 -1.0316094  -0.80472957
 -0.21038414  0.78810613  1.31213504]
06-Oct-22 02:59:52 
 Fitness of the generation solution 10: 0.9508518489440213
06-Oct-22 03:00:58 
 Parameters of the best solution 
 [ 1.15233169  0.27482656  0.81059631  1.55256547 -1.88638769 -0.20615422
  0.78614573 -1.95180563  0.96274743 -1.15934203  0.24434829 -0.54201884
  0.43826143  2.43745416  0.44610333 -0.56887543 -0.21666336 -0.80472957
 -0.21038414  0.03429112  1.44057165]
06-Oct-22 03:00:58 
 Fitness value of the best solution(f1) 
  0.9508518489440213
06-Oct-22 03:00:58 
 O tempo medio foi: 34.51045215129852 Segundos
06-Oct-22 03:01:02 
 [[3099  154]
 [ 187 2929]]
06-Oct-22 03:01:02 
               precision    recall  f1-score   support

         0.0       0.94      0.95      0.95      3253
         1.0       0.95      0.94      0.94      3116

    accuracy                           0.95      6369
   macro avg       0.95      0.95      0.95      6369
weighted avg       0.95      0.95      0.95      6369

06-Oct-22 03:01:02 
 0.9464594127806563
06-Oct-22 03:01:02 
 Predicted output based on the best solution : 0.9464594127806563
