04-Oct-22 00:24:31 
 O tempo de fitness é:31.257196187973022
04-Oct-22 00:25:03 
 Parameters of the pesos 
 [ 0.38534709 -0.26799245 -0.70497232  0.25866691  0.66009553  0.46653504
 -0.8473216  -0.53466624  0.89052599  0.43077984  0.89422554  0.04317934
 -0.28377367 -0.62786402  0.68735495  0.21369037  0.21494524 -0.18198785
  0.06014551 -0.7096338  -0.34440627]
04-Oct-22 00:25:33 
 Fitness of the generation solution 1: 0.5765817348983682
04-Oct-22 00:25:33 
 O tempo de fitness é:33.22212076187134
04-Oct-22 00:26:07 
 Parameters of the pesos 
 [ 0.38534709 -0.26799245 -0.30354409  0.25866691  0.66009553  0.46653504
  0.76656287 -0.8295332  -0.73551891 -1.1878244  -0.29127649  0.6443956
  1.48721965 -0.79387652 -0.575745   -0.72749597 -0.17973786 -0.37915499
 -0.51694357 -1.01339481 -1.47119267]
04-Oct-22 00:26:38 
 Fitness of the generation solution 2: 0.5795877469224162
04-Oct-22 00:26:38 
 O tempo de fitness é:38.97410583496094
04-Oct-22 00:27:11 
 Parameters of the pesos 
 [ 0.38534709 -0.26799245 -0.30354409  0.25866691  0.66009553  0.46653504
  0.76656287 -0.8295332  -0.73551891 -1.1878244  -0.29127649  0.6443956
  1.48721965 -0.79387652 -0.575745   -0.72749597 -0.17973786 -0.37915499
 -0.51694357 -1.01339481 -1.47119267]
04-Oct-22 00:27:46 
 Fitness of the generation solution 3: 0.5795877469224162
04-Oct-22 00:28:02 
 Parameters of the best solution 
 [ 0.38534709 -0.26799245 -0.30354409  0.25866691  0.66009553  0.46653504
  0.76656287 -0.8295332  -0.73551891 -1.1878244  -0.29127649  0.6443956
  1.48721965 -0.79387652 -0.575745   -0.72749597 -0.17973786 -0.37915499
 -0.51694357 -1.01339481 -1.47119267]
04-Oct-22 00:28:02 
 Fitness value of the best solution(f1) 
  0.5795877469224162
04-Oct-22 00:28:02 
 O tempo medio foi: 33.22212076187134 Segundos
