04-Oct-22 13:46:26 
 O tempo de fitness é:26.76556634902954
04-Oct-22 13:46:55 
 Parameters of the pesos 
 [-0.35858529 -0.68852567  0.23572067  0.05881374  0.03318239 -0.20708533
 -0.69559476 -0.9351206  -0.39802091  0.19401792 -0.98425949 -0.67931681
 -0.94323387 -0.61978829 -0.86950303  0.69317148 -0.57388436  0.50703167
  0.59678631  0.39164864  0.53568364]
04-Oct-22 13:47:22 
 Fitness of the generation solution 1: 0.5782994560549671
04-Oct-22 13:47:22 
 O tempo de fitness é:22.397785186767578
04-Oct-22 13:47:53 
 Parameters of the pesos 
 [-0.99051328 -0.27166194 -0.01967977 -0.15264894  0.74346566 -0.69081941
 -0.21492836  0.62632582  0.84594754 -0.00300998 -0.49368508  0.27682868
  0.03023082 -1.04631583 -0.86950303  0.57052056  0.29354469  0.50703167
  0.59678631  0.39164864  0.53568364]
04-Oct-22 13:48:22 
 Fitness of the generation solution 2: 0.57901517320355
04-Oct-22 13:48:22 
 O tempo de fitness é:22.104885578155518
04-Oct-22 13:48:52 
 Parameters of the pesos 
 [-0.99051328 -0.27166194 -0.01967977 -0.15264894  0.74346566 -0.69081941
 -0.21492836  0.62632582  0.84594754 -0.00300998 -0.49368508  0.27682868
  0.03023082 -1.04631583 -0.86950303  0.57052056  0.29354469  0.50703167
  0.59678631  0.39164864  0.53568364]
04-Oct-22 13:49:26 
 Fitness of the generation solution 3: 0.57901517320355
04-Oct-22 13:49:26 
 O tempo de fitness é:26.105756044387817
04-Oct-22 13:49:56 
 Parameters of the pesos 
 [-0.37998445  0.75393146  0.06469018  0.05881374  0.47099482 -0.20708533
 -0.69559476 -0.40853225 -0.39802091 -0.0655837   0.36041898  0.98971859
  2.16977227 -0.16559153  1.23747782  0.75282441 -1.56971879  1.09139551
 -0.13943851 -0.05607108  0.56163659]
04-Oct-22 13:50:26 
 Fitness of the generation solution 4: 0.57901517320355
04-Oct-22 13:50:26 
 O tempo de fitness é:26.411685705184937
04-Oct-22 13:51:03 
 Parameters of the pesos 
 [-0.21617714  1.48694901  0.05664435  0.05881374  0.03318239 -0.20708533
 -1.83723431  0.35029829 -0.31866895 -1.0066966   0.2029428   0.19191674
  2.16977227 -0.16559153  0.76644154  0.4727062  -0.57388436  1.56107421
 -0.10225264  0.39164864  0.2855074 ]
04-Oct-22 13:51:40 
 Fitness of the generation solution 5: 0.5797308903521329
04-Oct-22 13:51:40 
 O tempo de fitness é:40.69913649559021
04-Oct-22 13:52:15 
 Parameters of the pesos 
 [-0.21617714  1.48694901  0.05664435  0.05881374  0.03318239 -0.20708533
 -1.83723431  0.35029829 -0.31866895 -1.0066966   0.2029428   0.19191674
  2.16977227 -0.16559153  0.76644154  0.4727062  -0.57388436  1.56107421
 -0.10225264  0.39164864  0.2855074 ]
04-Oct-22 13:52:56 
 Fitness of the generation solution 6: 0.5797308903521329
04-Oct-22 13:52:56 
 O tempo de fitness é:56.049153327941895
04-Oct-22 13:53:34 
 Parameters of the pesos 
 [-0.21617714  1.48694901  0.05664435  0.05881374  0.03318239 -0.20708533
 -1.83723431  0.35029829 -0.31866895 -1.0066966   0.2029428   0.19191674
  2.16977227 -0.16559153  0.76644154  0.4727062  -0.57388436  1.56107421
 -0.10225264  0.39164864  0.2855074 ]
04-Oct-22 13:54:15 
 Fitness of the generation solution 7: 0.5797308903521329
04-Oct-22 13:54:15 
 O tempo de fitness é:15.25296139717102
04-Oct-22 13:54:53 
 Parameters of the pesos 
 [-0.21617714  1.48694901  0.05664435  0.05881374  0.03318239 -0.20708533
 -1.83723431  0.35029829 -0.31866895 -1.0066966   0.2029428   0.19191674
  2.16977227 -0.16559153  0.76644154  0.4727062  -0.57388436  1.56107421
 -0.10225264  0.39164864  0.2855074 ]
04-Oct-22 13:55:29 
 Fitness of the generation solution 8: 0.5797308903521329
04-Oct-22 13:55:29 
 O tempo de fitness é:29.032673835754395
04-Oct-22 13:56:09 
 Parameters of the pesos 
 [-0.21617714  1.48694901  0.05664435  0.05881374  0.03318239 -0.20708533
 -1.83723431  0.35029829 -0.31866895 -1.0066966   0.2029428   0.19191674
  2.16977227 -0.16559153  0.76644154  0.4727062  -0.57388436  1.56107421
 -0.10225264  0.39164864  0.2855074 ]
04-Oct-22 13:56:47 
 Fitness of the generation solution 9: 0.5797308903521329
04-Oct-22 13:56:47 
 O tempo de fitness é:47.87718605995178
04-Oct-22 13:57:28 
 Parameters of the pesos 
 [-0.21617714  1.48694901  0.05664435  0.05881374  0.03318239 -0.20708533
 -1.83723431  0.35029829 -0.31866895 -1.0066966   0.2029428   0.19191674
  2.16977227 -0.16559153  0.76644154  0.4727062  -0.57388436  1.56107421
 -0.10225264  0.39164864  0.2855074 ]
04-Oct-22 13:58:08 
 Fitness of the generation solution 10: 0.5797308903521329
04-Oct-22 13:58:27 
 Parameters of the best solution 
 [-0.21617714  1.48694901  0.05664435  0.05881374  0.03318239 -0.20708533
 -1.83723431  0.35029829 -0.31866895 -1.0066966   0.2029428   0.19191674
  2.16977227 -0.16559153  0.76644154  0.4727062  -0.57388436  1.56107421
 -0.10225264  0.39164864  0.2855074 ]
04-Oct-22 13:58:27 
 Fitness value of the best solution(f1) 
  0.5797308903521329
04-Oct-22 13:58:27 
 O tempo medio foi: 26.58862602710724 Segundos
04-Oct-22 13:58:28 
 [[1062  684]
 [ 761  987]]
04-Oct-22 13:58:28 
               precision    recall  f1-score   support

         0.0       0.58      0.61      0.60      1746
         1.0       0.59      0.56      0.58      1748

    accuracy                           0.59      3494
   macro avg       0.59      0.59      0.59      3494
weighted avg       0.59      0.59      0.59      3494

04-Oct-22 13:58:28 
 0.5864338866628506
04-Oct-22 13:58:28 
 Predicted output based on the best solution : 0.5864338866628506
