04-Oct-22 01:10:19 
 O tempo de fitness é:19.77432942390442
04-Oct-22 01:11:03 
 Parameters of the pesos 
 [ 0.64246093 -0.75495909 -0.16772601  0.01506811 -0.86962482 -0.32177324
  0.97340669  0.94851123  0.37962898  0.4746593  -0.90667716  0.9685224
  0.84006988  0.14882166  0.57464394  0.5968166   0.78614187 -0.4646801
 -0.69416285 -0.28101134  0.80092693]
04-Oct-22 01:11:47 
 Fitness of the generation solution 1: 0.5782994560549671
04-Oct-22 01:11:47 
 O tempo de fitness é:47.65402340888977
04-Oct-22 01:12:27 
 Parameters of the pesos 
 [ 0.64246093 -0.75495909 -0.16772601  0.01506811 -0.86962482 -0.32177324
  0.97340669  0.94851123  0.37962898  0.4746593  -0.90667716  0.9685224
  0.84006988  0.14882166  0.57464394  0.5968166   0.78614187 -0.4646801
 -0.69416285 -0.28101134  0.80092693]
04-Oct-22 01:13:12 
 Fitness of the generation solution 2: 0.5782994560549671
04-Oct-22 01:13:12 
 O tempo de fitness é:12.422043323516846
04-Oct-22 01:13:58 
 Parameters of the pesos 
 [ 0.64246093 -0.75495909 -0.16772601  0.01506811 -0.86962482 -0.32177324
  0.97340669  0.94851123  0.37962898  0.4746593  -0.90667716  0.9685224
  0.84006988  0.14882166  0.57464394  0.5968166   0.78614187 -0.4646801
 -0.69416285 -0.28101134  0.80092693]
04-Oct-22 01:14:46 
 Fitness of the generation solution 3: 0.5782994560549671
04-Oct-22 01:14:46 
 O tempo de fitness é:46.67312788963318
04-Oct-22 01:15:34 
 Parameters of the pesos 
 [ 0.64246093 -0.75495909 -0.16772601  0.01506811 -0.86962482 -0.32177324
  0.97340669  0.94851123  0.37962898  0.4746593  -0.90667716  0.9685224
  0.84006988  0.14882166  0.57464394  0.5968166   0.78614187 -0.4646801
 -0.69416285 -0.28101134  0.80092693]
04-Oct-22 01:16:23 
 Fitness of the generation solution 4: 0.5782994560549671
04-Oct-22 01:16:23 
 O tempo de fitness é:23.223913192749023
04-Oct-22 01:17:10 
 Parameters of the pesos 
 [ 0.64246093 -0.75495909 -0.16772601  0.01506811 -0.86962482 -0.32177324
  0.97340669  0.94851123  0.37962898  0.4746593  -0.90667716  0.9685224
  0.84006988  0.14882166  0.57464394  0.5968166   0.78614187 -0.4646801
 -0.69416285 -0.28101134  0.80092693]
04-Oct-22 01:18:02 
 Fitness of the generation solution 5: 0.5782994560549671
04-Oct-22 01:18:02 
 O tempo de fitness é:2.0535523891448975
04-Oct-22 01:18:50 
 Parameters of the pesos 
 [ 0.64246093 -0.75495909 -0.16772601  0.01506811 -0.86962482 -0.32177324
  0.97340669  0.94851123  0.37962898  0.4746593  -0.90667716  0.9685224
  0.84006988  0.14882166  0.57464394  0.5968166   0.78614187 -0.4646801
 -0.69416285 -0.28101134  0.80092693]
04-Oct-22 01:19:38 
 Fitness of the generation solution 6: 0.5782994560549671
04-Oct-22 01:19:38 
 O tempo de fitness é:38.42692947387695
04-Oct-22 01:20:29 
 Parameters of the pesos 
 [ 0.64246093 -0.75495909 -0.16772601  0.01506811 -1.63570858  0.40940271
  0.97340669  1.62071096  0.37962898  0.4746593  -0.90667716  0.9685224
  0.84006988  0.14882166  0.57464394  0.5968166   0.23960924 -0.4646801
  0.08131638 -0.28101134  0.80092693]
04-Oct-22 01:21:15 
 Fitness of the generation solution 7: 0.5788720297738333
04-Oct-22 01:21:15 
 O tempo de fitness é:15.63820195198059
04-Oct-22 01:22:12 
 Parameters of the pesos 
 [ 0.64246093 -0.75495909 -0.16772601  0.01506811 -1.63570858  0.40940271
  0.97340669  1.62071096  0.37962898  0.4746593  -0.90667716  0.9685224
  0.84006988  0.14882166  0.57464394  0.5968166   0.23960924 -0.4646801
  0.08131638 -0.28101134  0.80092693]
04-Oct-22 01:23:04 
 Fitness of the generation solution 8: 0.5788720297738333
04-Oct-22 01:23:04 
 O tempo de fitness é:4.1027491092681885
04-Oct-22 01:23:59 
 Parameters of the pesos 
 [ 0.64246093 -0.75495909 -0.16772601  0.01506811 -1.63570858  0.40940271
  0.97340669  1.62071096  0.37962898  0.4746593  -0.90667716  0.9685224
  0.84006988  0.14882166  0.57464394  0.5968166   0.23960924 -0.4646801
  0.08131638 -0.28101134  0.80092693]
04-Oct-22 01:24:51 
 Fitness of the generation solution 9: 0.5788720297738333
04-Oct-22 01:24:51 
 O tempo de fitness é:51.99494552612305
04-Oct-22 01:25:46 
 Parameters of the pesos 
 [ 0.64246093 -0.75495909 -0.16772601  0.01506811 -1.63570858  0.40940271
  0.97340669  1.62071096  0.37962898  0.4746593  -0.90667716  0.9685224
  0.84006988  0.14882166  0.57464394  0.5968166   0.23960924 -0.4646801
  0.08131638 -0.28101134  0.80092693]
04-Oct-22 01:26:39 
 Fitness of the generation solution 10: 0.5788720297738333
04-Oct-22 01:27:07 
 Parameters of the best solution 
 [ 0.64246093 -0.75495909 -0.16772601  0.01506811 -1.63570858  0.40940271
  0.97340669  1.62071096  0.37962898  0.4746593  -0.90667716  0.9685224
  0.84006988  0.14882166  0.57464394  0.5968166   0.23960924 -0.4646801
  0.08131638 -0.28101134  0.80092693]
04-Oct-22 01:27:07 
 Fitness value of the best solution(f1) 
  0.5788720297738333
04-Oct-22 01:27:07 
 O tempo medio foi: 21.49912130832672 Segundos
04-Oct-22 01:27:09 
 [[1062  684]
 [ 752  996]]
04-Oct-22 01:27:09 
               precision    recall  f1-score   support

         0.0       0.59      0.61      0.60      1746
         1.0       0.59      0.57      0.58      1748

    accuracy                           0.59      3494
   macro avg       0.59      0.59      0.59      3494
weighted avg       0.59      0.59      0.59      3494

04-Oct-22 01:27:09 
 0.5890097309673726
04-Oct-22 01:27:09 
 Predicted output based on the best solution : 0.5890097309673726
