06-Oct-22 01:45:24 
 O tempo de fitness é:24.721667051315308
06-Oct-22 01:46:22 
 Parameters of the pesos 
 [ 0.67901173 -0.61476385 -0.63213804  0.77238195 -0.06174901 -0.99749249
 -0.03397033 -0.53665382 -0.59951483 -0.58920298 -0.48296212  0.04234212
  0.36395982 -0.57476688 -0.37690841 -0.94510092 -0.53846681  0.13185628
 -0.69359298 -0.13982058 -0.79530642]
06-Oct-22 01:47:31 
 Fitness of the generation solution 1: 0.5722697652508439
06-Oct-22 01:47:31 
 O tempo de fitness é:31.77827787399292
06-Oct-22 01:48:43 
 Parameters of the pesos 
 [ 0.43860096 -0.61476385 -0.64733338  0.77238195  0.36717523 -0.44227517
 -0.03397033 -0.56857079 -0.59951483 -0.58920298 -0.48296212  0.04234212
  0.36395982 -0.56481112 -1.04063641 -0.94510092 -1.36868377  0.13185628
 -0.69359298 -0.13982058 -0.79530642]
06-Oct-22 01:49:56 
 Fitness of the generation solution 2: 0.5743895736829708
06-Oct-22 01:49:56 
 O tempo de fitness é:56.90130972862244
06-Oct-22 01:51:19 
 Parameters of the pesos 
 [ 1.20366142 -0.61476385 -0.08176292  1.01134442 -0.06174901 -0.99749249
 -0.03397033 -1.50923127 -0.59951483 -0.61581033 -0.28852648 -0.05118011
  1.02703025 -0.74771344 -0.37690841 -0.53064295 -2.88800056 -0.96141849
 -0.90621035  0.07644709  0.3048778 ]
06-Oct-22 01:52:40 
 Fitness of the generation solution 3: 0.5748606422234435
06-Oct-22 01:52:40 
 O tempo de fitness é:40.73471236228943
06-Oct-22 01:54:04 
 Parameters of the pesos 
 [ 1.20366142 -0.61476385 -0.08176292  1.01134442 -0.06174901 -0.99749249
 -0.03397033 -1.50923127 -0.59951483 -0.61581033 -0.28852648 -0.05118011
  1.02703025 -0.74771344 -0.37690841 -0.53064295 -2.88800056 -0.96141849
 -0.90621035  0.07644709  0.3048778 ]
06-Oct-22 01:55:27 
 Fitness of the generation solution 4: 0.5748606422234435
06-Oct-22 01:55:27 
 O tempo de fitness é:27.265044927597046
06-Oct-22 01:56:59 
 Parameters of the pesos 
 [ 1.20366142 -0.61476385 -0.08176292  1.01134442 -0.06174901 -0.99749249
 -0.03397033 -1.50923127 -0.59951483 -0.61581033 -0.28852648 -0.05118011
  1.02703025 -0.74771344 -0.37690841 -0.53064295 -2.88800056 -0.96141849
 -0.90621035  0.07644709  0.3048778 ]
06-Oct-22 01:58:30 
 Fitness of the generation solution 5: 0.5748606422234435
06-Oct-22 01:58:30 
 O tempo de fitness é:30.326489448547363
06-Oct-22 02:00:01 
 Parameters of the pesos 
 [ 1.20366142 -0.61476385 -0.08176292  1.01134442 -0.06174901 -0.99749249
 -0.03397033 -1.50923127 -0.59951483 -0.61581033 -0.28852648 -0.05118011
  1.02703025 -0.74771344 -0.37690841 -0.53064295 -2.88800056 -0.96141849
 -0.90621035  0.07644709  0.3048778 ]
06-Oct-22 02:01:31 
 Fitness of the generation solution 6: 0.5748606422234435
06-Oct-22 02:01:31 
 O tempo de fitness é:31.267765522003174
06-Oct-22 02:03:05 
 Parameters of the pesos 
 [ 1.20366142 -0.61476385 -0.08176292  1.01134442 -0.06174901 -0.99749249
 -0.03397033 -1.50923127 -0.59951483 -0.61581033 -0.28852648 -0.05118011
  1.02703025 -0.74771344 -0.37690841 -0.53064295 -2.88800056 -0.96141849
 -0.90621035  0.07644709  0.3048778 ]
06-Oct-22 02:04:37 
 Fitness of the generation solution 7: 0.5748606422234435
06-Oct-22 02:04:37 
 O tempo de fitness é:37.33174729347229
06-Oct-22 02:06:21 
 Parameters of the pesos 
 [ 1.20366142 -0.61476385 -0.08176292  1.01134442 -0.06174901 -0.99749249
 -0.03397033 -1.50923127 -0.59951483 -0.61581033 -0.28852648 -0.05118011
  1.02703025 -0.74771344 -0.37690841 -0.53064295 -2.88800056 -0.96141849
 -0.90621035  0.07644709  0.3048778 ]
06-Oct-22 02:08:01 
 Fitness of the generation solution 8: 0.5748606422234435
06-Oct-22 02:08:01 
 O tempo de fitness é:1.4691784381866455
06-Oct-22 02:09:35 
 Parameters of the pesos 
 [ 1.20366142 -0.61476385 -0.08176292  1.01134442 -0.06174901 -0.99749249
 -0.03397033 -1.50923127 -0.59951483 -0.61581033 -0.28852648 -0.05118011
  1.02703025 -0.74771344 -0.37690841 -0.53064295 -2.88800056 -0.96141849
 -0.90621035  0.07644709  0.3048778 ]
06-Oct-22 02:11:09 
 Fitness of the generation solution 9: 0.5748606422234435
06-Oct-22 02:11:09 
 O tempo de fitness é:9.48915958404541
06-Oct-22 02:12:39 
 Parameters of the pesos 
 [ 1.20366142 -0.61476385 -0.08176292  1.01134442 -0.06174901 -0.99749249
 -0.03397033 -1.50923127 -0.59951483 -0.61581033 -0.28852648 -0.05118011
  1.02703025 -0.74771344 -0.37690841 -0.53064295 -2.88800056 -0.96141849
 -0.90621035  0.07644709  0.3048778 ]
06-Oct-22 02:14:12 
 Fitness of the generation solution 10: 0.5748606422234435
06-Oct-22 02:14:58 
 Parameters of the best solution 
 [ 1.20366142 -0.61476385 -0.08176292  1.01134442 -0.06174901 -0.99749249
 -0.03397033 -1.50923127 -0.59951483 -0.61581033 -0.28852648 -0.05118011
  1.02703025 -0.74771344 -0.37690841 -0.53064295 -2.88800056 -0.96141849
 -0.90621035  0.07644709  0.3048778 ]
06-Oct-22 02:14:58 
 Fitness value of the best solution(f1) 
  0.5748606422234435
06-Oct-22 02:14:58 
 O tempo medio foi: 30.79712748527527 Segundos
06-Oct-22 02:15:01 
 [[1931 1322]
 [1348 1768]]
06-Oct-22 02:15:01 
               precision    recall  f1-score   support

         0.0       0.59      0.59      0.59      3253
         1.0       0.57      0.57      0.57      3116

    accuracy                           0.58      6369
   macro avg       0.58      0.58      0.58      6369
weighted avg       0.58      0.58      0.58      6369

06-Oct-22 02:15:01 
 0.58078191238813
06-Oct-22 02:15:01 
 Predicted output based on the best solution : 0.58078191238813
