04-Oct-22 00:59:41 
 O tempo de fitness é:41.02369832992554
04-Oct-22 01:00:15 
 Parameters of the pesos 
 [ 0.7039671   0.31546519 -0.26713874  0.09772639 -1.48482515 -0.91442916
  0.93886486  0.68416263  0.80779522 -0.92381869  0.47159036 -0.99947584
 -0.41880163  0.83784073 -0.99434767 -0.33694093  0.75396066  0.18056169
 -0.60167712  0.28036271 -0.65813628]
04-Oct-22 01:00:45 
 Fitness of the generation solution 1: 0.5767248783280847
04-Oct-22 01:00:45 
 O tempo de fitness é:45.484458684921265
04-Oct-22 01:01:20 
 Parameters of the pesos 
 [ 0.81670263  0.72967652 -0.39997628  0.68513912  0.00573112  0.68555079
  0.03153008 -0.67425712 -0.49737915 -0.27693902  0.43065841  0.50613139
 -0.64322781 -1.05997733 -0.81124379  0.38950627  1.22334549 -0.1590481
  0.80138804  1.02626091  0.36628169]
04-Oct-22 01:01:58 
 Fitness of the generation solution 2: 0.5778700257658174
04-Oct-22 01:01:58 
 O tempo de fitness é:58.001020431518555
04-Oct-22 01:02:43 
 Parameters of the pesos 
 [ 0.81670263  0.72967652 -0.39997628  0.68513912  0.00573112  0.68555079
  0.03153008 -0.67425712 -0.49737915 -0.27693902  0.43065841  0.50613139
 -0.64322781 -1.05997733 -0.81124379  0.38950627  1.22334549 -0.1590481
  0.80138804  1.02626091  0.36628169]
04-Oct-22 01:03:23 
 Fitness of the generation solution 3: 0.5778700257658174
04-Oct-22 01:03:44 
 Parameters of the best solution 
 [ 0.81670263  0.72967652 -0.39997628  0.68513912  0.00573112  0.68555079
  0.03153008 -0.67425712 -0.49737915 -0.27693902  0.43065841  0.50613139
 -0.64322781 -1.05997733 -0.81124379  0.38950627  1.22334549 -0.1590481
  0.80138804  1.02626091  0.36628169]
04-Oct-22 01:03:44 
 Fitness value of the best solution(f1) 
  0.5778700257658174
04-Oct-22 01:03:44 
 O tempo medio foi: 45.484458684921265 Segundos
04-Oct-22 01:03:45 
 [[1059  687]
 [ 773  975]]
04-Oct-22 01:03:45 
               precision    recall  f1-score   support

         0.0       0.58      0.61      0.59      1746
         1.0       0.59      0.56      0.57      1748

    accuracy                           0.58      3494
   macro avg       0.58      0.58      0.58      3494
weighted avg       0.58      0.58      0.58      3494

04-Oct-22 01:03:45 
 0.5821408128219805
04-Oct-22 01:03:45 
 Predicted output based on the best solution : 0.5821408128219805
