04-Oct-22 00:31:09 
 O tempo de fitness é:9.830604553222656
04-Oct-22 00:31:42 
 Parameters of the pesos 
 [ 0.30432007  0.23996564  0.62641288  0.05490885  0.8121626   0.73795116
 -0.19740317  0.66602888 -0.64671174  0.66752079  0.30703136  0.19513116
  0.83239778 -0.04047413 -0.50587489  0.98894743  0.30476825 -0.68053437
  0.90650058 -0.84340357 -1.66236111]
04-Oct-22 00:32:12 
 Fitness of the generation solution 1: 0.5770111651875179
04-Oct-22 00:32:12 
 O tempo de fitness é:12.09343671798706
04-Oct-22 00:32:41 
 Parameters of the pesos 
 [ 0.30432007  0.23996564  0.62641288  0.05490885  0.8121626   0.73795116
 -0.19740317  0.66602888 -0.64671174  0.66752079  0.30703136  0.19513116
  0.83239778 -0.04047413 -0.50587489  0.98894743  0.30476825 -0.68053437
  0.90650058 -0.84340357 -1.66236111]
04-Oct-22 00:33:12 
 Fitness of the generation solution 2: 0.5770111651875179
04-Oct-22 00:33:12 
 O tempo de fitness é:12.467830181121826
04-Oct-22 00:33:44 
 Parameters of the pesos 
 [ 0.30432007  0.23996564  0.62641288  0.05490885  0.8121626   0.73795116
 -0.19740317  0.66602888 -0.64671174  0.66752079  0.30703136  0.19513116
  0.83239778 -0.04047413 -0.50587489  0.98894743  0.30476825 -0.68053437
  0.90650058 -0.84340357 -1.66236111]
04-Oct-22 00:34:14 
 Fitness of the generation solution 3: 0.5770111651875179
04-Oct-22 00:34:28 
 Parameters of the best solution 
 [ 0.30432007  0.23996564  0.62641288  0.05490885  0.8121626   0.73795116
 -0.19740317  0.66602888 -0.64671174  0.66752079  0.30703136  0.19513116
  0.83239778 -0.04047413 -0.50587489  0.98894743  0.30476825 -0.68053437
  0.90650058 -0.84340357 -1.66236111]
04-Oct-22 00:34:28 
 Fitness value of the best solution(f1) 
  0.5770111651875179
04-Oct-22 00:34:28 
 O tempo medio foi: 12.09343671798706 Segundos
